0 verbose cli C:\Program Files\nodejs\node.exe C:\Program Files\nodejs\node_modules\npm\bin\npm-cli.js
1 info using npm@10.9.2
2 info using node@v22.15.1
3 silly config load:file:C:\Program Files\nodejs\node_modules\npm\npmrc
4 silly config load:file:C:\project\badbuz\GuaranteedSportPicks\.npmrc
5 silly config load:file:C:\Users\rakib\.npmrc
6 silly config load:file:C:\Users\rakib\npm-global\etc\npmrc
7 verbose title npm install micro
8 verbose argv "install" "micro"
9 verbose logfile logs-max:10 dir:C:\project\badbuz\GuaranteedSportPicks\UsersmynameAppDataRoamingnpm-cache\_logs\2025-11-18T06_32_30_083Z-
10 verbose logfile C:\project\badbuz\GuaranteedSportPicks\UsersmynameAppDataRoamingnpm-cache\_logs\2025-11-18T06_32_30_083Z-debug-0.log
11 silly logfile start cleaning logs, removing 1 files
12 silly packumentCache heap:4345298944 maxSize:1086324736 maxEntrySize:543162368
13 silly logfile done cleaning log files
14 silly idealTree buildDeps
15 silly fetch manifest micro@*
16 silly packumentCache full:https://registry.npmjs.org/micro cache-miss
17 http fetch GET 200 https://registry.npmjs.org/micro 285ms (cache miss)
18 silly packumentCache full:https://registry.npmjs.org/micro set size:undefined disposed:false
19 silly placeDep ROOT micro@10.0.1 OK for: my-app@0.1.0 want: *
20 silly fetch manifest arg@4.1.0
21 silly packumentCache full:https://registry.npmjs.org/arg cache-miss
22 silly fetch manifest raw-body@2.4.1
23 silly packumentCache full:https://registry.npmjs.org/raw-body cache-miss
24 silly fetch manifest content-type@1.0.4
25 silly packumentCache full:https://registry.npmjs.org/content-type cache-miss
26 http fetch GET 200 https://registry.npmjs.org/content-type 46ms (cache miss)
27 silly packumentCache full:https://registry.npmjs.org/content-type set size:undefined disposed:false
28 http fetch GET 200 https://registry.npmjs.org/raw-body 49ms (cache miss)
29 silly packumentCache full:https://registry.npmjs.org/raw-body set size:undefined disposed:false
30 http fetch GET 200 https://registry.npmjs.org/arg 66ms (cache miss)
31 silly packumentCache full:https://registry.npmjs.org/arg set size:undefined disposed:false
32 silly placeDep ROOT arg@4.1.0 OK for: micro@10.0.1 want: 4.1.0
33 silly placeDep ROOT content-type@1.0.4 OK for: micro@10.0.1 want: 1.0.4
34 silly placeDep ROOT raw-body@2.4.1 OK for: micro@10.0.1 want: 2.4.1
35 silly fetch manifest bytes@3.1.0
36 silly packumentCache full:https://registry.npmjs.org/bytes cache-miss
37 silly fetch manifest unpipe@1.0.0
38 silly packumentCache full:https://registry.npmjs.org/unpipe cache-miss
39 silly fetch manifest iconv-lite@0.4.24
40 silly packumentCache full:https://registry.npmjs.org/iconv-lite cache-miss
41 silly fetch manifest http-errors@1.7.3
42 silly packumentCache full:https://registry.npmjs.org/http-errors cache-miss
43 http fetch GET 200 https://registry.npmjs.org/unpipe 42ms (cache miss)
44 silly packumentCache full:https://registry.npmjs.org/unpipe set size:undefined disposed:false
45 http fetch GET 200 https://registry.npmjs.org/bytes 43ms (cache miss)
46 silly packumentCache full:https://registry.npmjs.org/bytes set size:undefined disposed:false
47 http fetch GET 200 https://registry.npmjs.org/iconv-lite 43ms (cache miss)
48 silly packumentCache full:https://registry.npmjs.org/iconv-lite set size:undefined disposed:false
49 http fetch GET 200 https://registry.npmjs.org/http-errors 47ms (cache miss)
50 silly packumentCache full:https://registry.npmjs.org/http-errors set size:undefined disposed:false
51 silly placeDep ROOT bytes@3.1.0 OK for: raw-body@2.4.1 want: 3.1.0
52 silly placeDep ROOT http-errors@1.7.3 OK for: raw-body@2.4.1 want: 1.7.3
53 silly placeDep ROOT iconv-lite@0.4.24 OK for: raw-body@2.4.1 want: 0.4.24
54 silly placeDep ROOT unpipe@1.0.0 OK for: raw-body@2.4.1 want: 1.0.0
55 silly fetch manifest depd@~1.1.2
56 silly packumentCache full:https://registry.npmjs.org/depd cache-miss
57 silly fetch manifest inherits@2.0.4
58 silly packumentCache full:https://registry.npmjs.org/inherits cache-miss
59 silly fetch manifest statuses@>= 1.5.0 < 2
60 silly packumentCache full:https://registry.npmjs.org/statuses cache-miss
61 silly fetch manifest toidentifier@1.0.0
62 silly packumentCache full:https://registry.npmjs.org/toidentifier cache-miss
63 silly fetch manifest setprototypeof@1.1.1
64 silly packumentCache full:https://registry.npmjs.org/setprototypeof cache-miss
65 silly fetch manifest safer-buffer@>= 2.1.2 < 3
66 silly packumentCache full:https://registry.npmjs.org/safer-buffer cache-miss
67 http fetch GET 200 https://registry.npmjs.org/inherits 41ms (cache miss)
68 silly packumentCache full:https://registry.npmjs.org/inherits set size:undefined disposed:false
69 http fetch GET 200 https://registry.npmjs.org/toidentifier 41ms (cache miss)
70 silly packumentCache full:https://registry.npmjs.org/toidentifier set size:undefined disposed:false
71 http fetch GET 200 https://registry.npmjs.org/depd 45ms (cache miss)
72 silly packumentCache full:https://registry.npmjs.org/depd set size:undefined disposed:false
73 http fetch GET 200 https://registry.npmjs.org/statuses 46ms (cache miss)
74 silly packumentCache full:https://registry.npmjs.org/statuses set size:undefined disposed:false
75 http fetch GET 200 https://registry.npmjs.org/safer-buffer 55ms (cache miss)
76 silly packumentCache full:https://registry.npmjs.org/safer-buffer set size:undefined disposed:false
77 http fetch GET 200 https://registry.npmjs.org/setprototypeof 62ms (cache miss)
78 silly packumentCache full:https://registry.npmjs.org/setprototypeof set size:undefined disposed:false
79 silly placeDep ROOT depd@1.1.2 OK for: http-errors@1.7.3 want: ~1.1.2
80 silly placeDep ROOT inherits@2.0.4 OK for: http-errors@1.7.3 want: 2.0.4
81 silly placeDep ROOT setprototypeof@1.1.1 OK for: http-errors@1.7.3 want: 1.1.1
82 silly placeDep ROOT statuses@1.5.0 OK for: http-errors@1.7.3 want: >= 1.5.0 < 2
83 silly placeDep ROOT toidentifier@1.0.0 OK for: http-errors@1.7.3 want: 1.0.0
84 silly placeDep ROOT safer-buffer@2.1.2 OK for: iconv-lite@0.4.24 want: >= 2.1.2 < 3
85 silly reify moves {}
86 verbose reify failed optional dependency C:\project\badbuz\GuaranteedSportPicks\node_modules\@tailwindcss\oxide-wasm32-wasi
87 silly reify mark deleted [
87 silly reify   'C:\\project\\badbuz\\GuaranteedSportPicks\\node_modules\\@tailwindcss\\oxide-wasm32-wasi'
87 silly reify ]
88 silly audit bulk request {
88 silly audit   '@alloc/quick-lru': [ '5.2.0' ],
88 silly audit   '@babel/code-frame': [ '7.27.1' ],
88 silly audit   '@babel/compat-data': [ '7.28.5' ],
88 silly audit   '@babel/core': [ '7.28.5' ],
88 silly audit   '@babel/generator': [ '7.28.5' ],
88 silly audit   '@babel/helper-compilation-targets': [ '7.27.2' ],
88 silly audit   '@babel/helper-globals': [ '7.28.0' ],
88 silly audit   '@babel/helper-module-imports': [ '7.27.1' ],
88 silly audit   '@babel/helper-module-transforms': [ '7.28.3' ],
88 silly audit   '@babel/helper-string-parser': [ '7.27.1' ],
88 silly audit   '@babel/helper-validator-identifier': [ '7.28.5' ],
88 silly audit   '@babel/helper-validator-option': [ '7.27.1' ],
88 silly audit   '@babel/helpers': [ '7.28.4' ],
88 silly audit   '@babel/parser': [ '7.28.5' ],
88 silly audit   '@babel/runtime': [ '7.28.4' ],
88 silly audit   '@babel/template': [ '7.27.2' ],
88 silly audit   '@babel/traverse': [ '7.28.5' ],
88 silly audit   '@babel/types': [ '7.28.5' ],
88 silly audit   '@emnapi/core': [ '1.7.0' ],
88 silly audit   '@emnapi/runtime': [ '1.7.0' ],
88 silly audit   '@emnapi/wasi-threads': [ '1.1.0' ],
88 silly audit   '@eslint-community/eslint-utils': [ '4.9.0' ],
88 silly audit   'eslint-visitor-keys': [ '3.4.3', '4.2.1' ],
88 silly audit   '@eslint-community/regexpp': [ '4.12.2' ],
88 silly audit   '@eslint/config-array': [ '0.21.1' ],
88 silly audit   '@eslint/config-helpers': [ '0.4.2' ],
88 silly audit   '@eslint/core': [ '0.17.0' ],
88 silly audit   '@eslint/eslintrc': [ '3.3.1' ],
88 silly audit   '@eslint/js': [ '9.39.1' ],
88 silly audit   '@eslint/object-schema': [ '2.1.7' ],
88 silly audit   '@eslint/plugin-kit': [ '0.4.1' ],
88 silly audit   '@humanfs/core': [ '0.19.1' ],
88 silly audit   '@humanfs/node': [ '0.16.7' ],
88 silly audit   '@humanwhocodes/module-importer': [ '1.0.1' ],
88 silly audit   '@humanwhocodes/retry': [ '0.4.3' ],
88 silly audit   '@img/colour': [ '1.0.0' ],
88 silly audit   '@img/sharp-darwin-arm64': [ '0.34.5' ],
88 silly audit   '@img/sharp-darwin-x64': [ '0.34.5' ],
88 silly audit   '@img/sharp-libvips-darwin-arm64': [ '1.2.4' ],
88 silly audit   '@img/sharp-libvips-darwin-x64': [ '1.2.4' ],
88 silly audit   '@img/sharp-libvips-linux-arm': [ '1.2.4' ],
88 silly audit   '@img/sharp-libvips-linux-arm64': [ '1.2.4' ],
88 silly audit   '@img/sharp-libvips-linux-ppc64': [ '1.2.4' ],
88 silly audit   '@img/sharp-libvips-linux-riscv64': [ '1.2.4' ],
88 silly audit   '@img/sharp-libvips-linux-s390x': [ '1.2.4' ],
88 silly audit   '@img/sharp-libvips-linux-x64': [ '1.2.4' ],
88 silly audit   '@img/sharp-libvips-linuxmusl-arm64': [ '1.2.4' ],
88 silly audit   '@img/sharp-libvips-linuxmusl-x64': [ '1.2.4' ],
88 silly audit   '@img/sharp-linux-arm': [ '0.34.5' ],
88 silly audit   '@img/sharp-linux-arm64': [ '0.34.5' ],
88 silly audit   '@img/sharp-linux-ppc64': [ '0.34.5' ],
88 silly audit   '@img/sharp-linux-riscv64': [ '0.34.5' ],
88 silly audit   '@img/sharp-linux-s390x': [ '0.34.5' ],
88 silly audit   '@img/sharp-linux-x64': [ '0.34.5' ],
88 silly audit   '@img/sharp-linuxmusl-arm64': [ '0.34.5' ],
88 silly audit   '@img/sharp-linuxmusl-x64': [ '0.34.5' ],
88 silly audit   '@img/sharp-wasm32': [ '0.34.5' ],
88 silly audit   '@img/sharp-win32-arm64': [ '0.34.5' ],
88 silly audit   '@img/sharp-win32-ia32': [ '0.34.5' ],
88 silly audit   '@img/sharp-win32-x64': [ '0.34.5' ],
88 silly audit   '@jridgewell/gen-mapping': [ '0.3.13' ],
88 silly audit   '@jridgewell/remapping': [ '2.3.5' ],
88 silly audit   '@jridgewell/resolve-uri': [ '3.1.2' ],
88 silly audit   '@jridgewell/sourcemap-codec': [ '1.5.5' ],
88 silly audit   '@jridgewell/trace-mapping': [ '0.3.31' ],
88 silly audit   '@mongodb-js/saslprep': [ '1.3.2' ],
88 silly audit   '@napi-rs/wasm-runtime': [ '0.2.12' ],
88 silly audit   '@next/env': [ '16.0.1' ],
88 silly audit   '@next/eslint-plugin-next': [ '16.0.1' ],
88 silly audit   '@next/swc-darwin-arm64': [ '16.0.1' ],
88 silly audit   '@next/swc-darwin-x64': [ '16.0.1' ],
88 silly audit   '@next/swc-linux-arm64-gnu': [ '16.0.1' ],
88 silly audit   '@next/swc-linux-arm64-musl': [ '16.0.1' ],
88 silly audit   '@next/swc-linux-x64-gnu': [ '16.0.1' ],
88 silly audit   '@next/swc-linux-x64-musl': [ '16.0.1' ],
88 silly audit   '@next/swc-win32-arm64-msvc': [ '16.0.1' ],
88 silly audit   '@next/swc-win32-x64-msvc': [ '16.0.1' ],
88 silly audit   '@nodelib/fs.scandir': [ '2.1.5' ],
88 silly audit   '@nodelib/fs.stat': [ '2.0.5' ],
88 silly audit   '@nodelib/fs.walk': [ '1.2.8' ],
88 silly audit   '@nolyfill/is-core-module': [ '1.0.39' ],
88 silly audit   '@panva/hkdf': [ '1.2.1' ],
88 silly audit   '@reduxjs/toolkit': [ '2.10.1' ],
88 silly audit   '@rtsao/scc': [ '1.1.0' ],
88 silly audit   '@standard-schema/spec': [ '1.0.0' ],
88 silly audit   '@standard-schema/utils': [ '0.3.0' ],
88 silly audit   '@swc/helpers': [ '0.5.15' ],
88 silly audit   '@tailwindcss/node': [ '4.1.17' ],
88 silly audit   '@tailwindcss/oxide': [ '4.1.17' ],
88 silly audit   '@tailwindcss/oxide-android-arm64': [ '4.1.17' ],
88 silly audit   '@tailwindcss/oxide-darwin-arm64': [ '4.1.17' ],
88 silly audit   '@tailwindcss/oxide-darwin-x64': [ '4.1.17' ],
88 silly audit   '@tailwindcss/oxide-freebsd-x64': [ '4.1.17' ],
88 silly audit   '@tailwindcss/oxide-linux-arm-gnueabihf': [ '4.1.17' ],
88 silly audit   '@tailwindcss/oxide-linux-arm64-gnu': [ '4.1.17' ],
88 silly audit   '@tailwindcss/oxide-linux-arm64-musl': [ '4.1.17' ],
88 silly audit   '@tailwindcss/oxide-linux-x64-gnu': [ '4.1.17' ],
88 silly audit   '@tailwindcss/oxide-linux-x64-musl': [ '4.1.17' ],
88 silly audit   '@tailwindcss/oxide-win32-arm64-msvc': [ '4.1.17' ],
88 silly audit   '@tailwindcss/oxide-win32-x64-msvc': [ '4.1.17' ],
88 silly audit   '@tailwindcss/postcss': [ '4.1.17' ],
88 silly audit   '@tybys/wasm-util': [ '0.10.1' ],
88 silly audit   '@types/estree': [ '1.0.8' ],
88 silly audit   '@types/json-schema': [ '7.0.15' ],
88 silly audit   '@types/json5': [ '0.0.29' ],
88 silly audit   '@types/use-sync-external-store': [ '0.0.6' ],
88 silly audit   '@types/webidl-conversions': [ '7.0.3' ],
88 silly audit   '@types/whatwg-url': [ '11.0.5' ],
88 silly audit   '@typescript-eslint/eslint-plugin': [ '8.46.3' ],
88 silly audit   ignore: [ '7.0.5', '5.3.2' ],
88 silly audit   '@typescript-eslint/parser': [ '8.46.3' ],
88 silly audit   '@typescript-eslint/project-service': [ '8.46.3' ],
88 silly audit   '@typescript-eslint/scope-manager': [ '8.46.3' ],
88 silly audit   '@typescript-eslint/tsconfig-utils': [ '8.46.3' ],
88 silly audit   '@typescript-eslint/type-utils': [ '8.46.3' ],
88 silly audit   '@typescript-eslint/types': [ '8.46.3' ],
88 silly audit   '@typescript-eslint/typescript-estree': [ '8.46.3' ],
88 silly audit   'brace-expansion': [ '2.0.2', '1.1.12' ],
88 silly audit   'fast-glob': [ '3.3.3', '3.3.1' ],
88 silly audit   'glob-parent': [ '5.1.2', '6.0.2' ],
88 silly audit   minimatch: [ '9.0.5', '3.1.2' ],
88 silly audit   semver: [ '7.7.3', '6.3.1' ],
88 silly audit   '@typescript-eslint/utils': [ '8.46.3' ],
88 silly audit   '@typescript-eslint/visitor-keys': [ '8.46.3' ],
88 silly audit   '@unrs/resolver-binding-android-arm-eabi': [ '1.11.1' ],
88 silly audit   '@unrs/resolver-binding-android-arm64': [ '1.11.1' ],
88 silly audit   '@unrs/resolver-binding-darwin-arm64': [ '1.11.1' ],
88 silly audit   '@unrs/resolver-binding-darwin-x64': [ '1.11.1' ],
88 silly audit   '@unrs/resolver-binding-freebsd-x64': [ '1.11.1' ],
88 silly audit   '@unrs/resolver-binding-linux-arm-gnueabihf': [ '1.11.1' ],
88 silly audit   '@unrs/resolver-binding-linux-arm-musleabihf': [ '1.11.1' ],
88 silly audit   '@unrs/resolver-binding-linux-arm64-gnu': [ '1.11.1' ],
88 silly audit   '@unrs/resolver-binding-linux-arm64-musl': [ '1.11.1' ],
88 silly audit   '@unrs/resolver-binding-linux-ppc64-gnu': [ '1.11.1' ],
88 silly audit   '@unrs/resolver-binding-linux-riscv64-gnu': [ '1.11.1' ],
88 silly audit   '@unrs/resolver-binding-linux-riscv64-musl': [ '1.11.1' ],
88 silly audit   '@unrs/resolver-binding-linux-s390x-gnu': [ '1.11.1' ],
88 silly audit   '@unrs/resolver-binding-linux-x64-gnu': [ '1.11.1' ],
88 silly audit   '@unrs/resolver-binding-linux-x64-musl': [ '1.11.1' ],
88 silly audit   '@unrs/resolver-binding-wasm32-wasi': [ '1.11.1' ],
88 silly audit   '@unrs/resolver-binding-win32-arm64-msvc': [ '1.11.1' ],
88 silly audit   '@unrs/resolver-binding-win32-ia32-msvc': [ '1.11.1' ],
88 silly audit   '@unrs/resolver-binding-win32-x64-msvc': [ '1.11.1' ],
88 silly audit   acorn: [ '8.15.0' ],
88 silly audit   'acorn-jsx': [ '5.3.2' ],
88 silly audit   ajv: [ '6.12.6' ],
88 silly audit   'ansi-styles': [ '4.3.0' ],
88 silly audit   argparse: [ '2.0.1' ],
88 silly audit   'aria-query': [ '5.3.2' ],
88 silly audit   'array-buffer-byte-length': [ '1.0.2' ],
88 silly audit   'array-includes': [ '3.1.9' ],
88 silly audit   'array.prototype.findlast': [ '1.2.5' ],
88 silly audit   'array.prototype.findlastindex': [ '1.2.6' ],
88 silly audit   'array.prototype.flat': [ '1.3.3' ],
88 silly audit   'array.prototype.flatmap': [ '1.3.3' ],
88 silly audit   'array.prototype.tosorted': [ '1.1.4' ],
88 silly audit   'arraybuffer.prototype.slice': [ '1.0.4' ],
88 silly audit   'ast-types-flow': [ '0.0.8' ],
88 silly audit   'async-function': [ '1.0.0' ],
88 silly audit   asynckit: [ '0.4.0' ],
88 silly audit   'available-typed-arrays': [ '1.0.7' ],
88 silly audit   'axe-core': [ '4.11.0' ],
88 silly audit   axios: [ '1.13.2' ],
88 silly audit   'axobject-query': [ '4.1.0' ],
88 silly audit   'balanced-match': [ '1.0.2' ],
88 silly audit   'baseline-browser-mapping': [ '2.8.25' ],
88 silly audit   bcrypt: [ '6.0.0' ],
88 silly audit   braces: [ '3.0.3' ],
88 silly audit   browserslist: [ '4.27.0' ],
88 silly audit   bson: [ '6.10.4' ],
88 silly audit   'call-bind': [ '1.0.8' ],
88 silly audit   'call-bind-apply-helpers': [ '1.0.2' ],
88 silly audit   'call-bound': [ '1.0.4' ],
88 silly audit   callsites: [ '3.1.0' ],
88 silly audit   'caniuse-lite': [ '1.0.30001754' ],
88 silly audit   chalk: [ '4.1.2' ],
88 silly audit   classnames: [ '2.5.1' ],
88 silly audit   'client-only': [ '0.0.1' ],
88 silly audit   'color-convert': [ '2.0.1' ],
88 silly audit   'color-name': [ '1.1.4' ],
88 silly audit   'combined-stream': [ '1.0.8' ],
88 silly audit   'concat-map': [ '0.0.1' ],
88 silly audit   'convert-source-map': [ '2.0.0' ],
88 silly audit   cookie: [ '0.7.2' ],
88 silly audit   'cross-spawn': [ '7.0.6' ],
88 silly audit   csstype: [ '3.1.3' ],
88 silly audit   'damerau-levenshtein': [ '1.0.8' ],
88 silly audit   'data-view-buffer': [ '1.0.2' ],
88 silly audit   'data-view-byte-length': [ '1.0.2' ],
88 silly audit   'data-view-byte-offset': [ '1.0.1' ],
88 silly audit   debug: [ '4.4.3', '3.2.7' ],
88 silly audit   'deep-is': [ '0.1.4' ],
88 silly audit   'define-data-property': [ '1.1.4' ],
88 silly audit   'define-properties': [ '1.2.1' ],
88 silly audit   'delayed-stream': [ '1.0.0' ],
88 silly audit   'detect-libc': [ '2.1.2' ],
88 silly audit   doctrine: [ '2.1.0' ],
88 silly audit   'dunder-proto': [ '1.0.1' ],
88 silly audit   'electron-to-chromium': [ '1.5.248' ],
88 silly audit   'emoji-regex': [ '9.2.2' ],
88 silly audit   'enhanced-resolve': [ '5.18.3' ],
88 silly audit   'es-abstract': [ '1.24.0' ],
88 silly audit   'es-define-property': [ '1.0.1' ],
88 silly audit   'es-errors': [ '1.3.0' ],
88 silly audit   'es-iterator-helpers': [ '1.2.1' ],
88 silly audit   'es-object-atoms': [ '1.1.1' ],
88 silly audit   'es-set-tostringtag': [ '2.1.0' ],
88 silly audit   'es-shim-unscopables': [ '1.1.0' ],
88 silly audit   'es-to-primitive': [ '1.3.0' ],
88 silly audit   escalade: [ '3.2.0' ],
88 silly audit   'escape-string-regexp': [ '4.0.0' ],
88 silly audit   eslint: [ '9.39.1' ],
88 silly audit   'eslint-config-next': [ '16.0.1' ],
88 silly audit   globals: [ '16.4.0', '14.0.0' ],
88 silly audit   'eslint-import-resolver-node': [ '0.3.9' ],
88 silly audit   'eslint-import-resolver-typescript': [ '3.10.1' ],
88 silly audit   'eslint-module-utils': [ '2.12.1' ],
88 silly audit   'eslint-plugin-import': [ '2.32.0' ],
88 silly audit   'eslint-plugin-jsx-a11y': [ '6.10.2' ],
88 silly audit   'eslint-plugin-react': [ '7.37.5' ],
88 silly audit   'eslint-plugin-react-hooks': [ '7.0.1' ],
88 silly audit   resolve: [ '2.0.0-next.5', '1.22.11' ],
88 silly audit   'eslint-scope': [ '8.4.0' ],
88 silly audit   espree: [ '10.4.0' ],
88 silly audit   esquery: [ '1.6.0' ],
88 silly audit   esrecurse: [ '4.3.0' ],
88 silly audit   estraverse: [ '5.3.0' ],
88 silly audit   esutils: [ '2.0.3' ],
88 silly audit   'fast-deep-equal': [ '3.1.3' ],
88 silly audit   'fast-json-stable-stringify': [ '2.1.0' ],
88 silly audit   'fast-levenshtein': [ '2.0.6' ],
88 silly audit   fastq: [ '1.19.1' ],
88 silly audit   'file-entry-cache': [ '8.0.0' ],
88 silly audit   'fill-range': [ '7.1.1' ],
88 silly audit   'find-up': [ '5.0.0' ],
88 silly audit   'flat-cache': [ '4.0.1' ],
88 silly audit   flatted: [ '3.3.3' ],
88 silly audit   'follow-redirects': [ '1.15.11' ],
88 silly audit   'for-each': [ '0.3.5' ],
88 silly audit   'form-data': [ '4.0.4' ],
88 silly audit   'function-bind': [ '1.1.2' ],
88 silly audit   'function.prototype.name': [ '1.1.8' ],
88 silly audit   'functions-have-names': [ '1.2.3' ],
88 silly audit   'generator-function': [ '2.0.1' ],
88 silly audit   gensync: [ '1.0.0-beta.2' ],
88 silly audit   'get-intrinsic': [ '1.3.0' ],
88 silly audit   'get-proto': [ '1.0.1' ],
88 silly audit   'get-symbol-description': [ '1.1.0' ],
88 silly audit   'get-tsconfig': [ '4.13.0' ],
88 silly audit   globalthis: [ '1.0.4' ],
88 silly audit   goober: [ '2.1.18' ],
88 silly audit   gopd: [ '1.2.0' ],
88 silly audit   'graceful-fs': [ '4.2.11' ],
88 silly audit   graphemer: [ '1.4.0' ],
88 silly audit   'has-bigints': [ '1.1.0' ],
88 silly audit   'has-flag': [ '4.0.0' ],
88 silly audit   'has-property-descriptors': [ '1.0.2' ],
88 silly audit   'has-proto': [ '1.2.0' ],
88 silly audit   'has-symbols': [ '1.1.0' ],
88 silly audit   'has-tostringtag': [ '1.0.2' ],
88 silly audit   hasown: [ '2.0.2' ],
88 silly audit   'hermes-estree': [ '0.25.1' ],
88 silly audit   'hermes-parser': [ '0.25.1' ],
88 silly audit   immer: [ '10.2.0' ],
88 silly audit   'import-fresh': [ '3.3.1' ],
88 silly audit   imurmurhash: [ '0.1.4' ],
88 silly audit   'internal-slot': [ '1.1.0' ],
88 silly audit   'is-array-buffer': [ '3.0.5' ],
88 silly audit   'is-async-function': [ '2.1.1' ],
88 silly audit   'is-bigint': [ '1.1.0' ],
88 silly audit   'is-boolean-object': [ '1.2.2' ],
88 silly audit   'is-bun-module': [ '2.0.0' ],
88 silly audit   'is-callable': [ '1.2.7' ],
88 silly audit   'is-core-module': [ '2.16.1' ],
88 silly audit   'is-data-view': [ '1.0.2' ],
88 silly audit   'is-date-object': [ '1.1.0' ],
88 silly audit   'is-extglob': [ '2.1.1' ],
88 silly audit   'is-finalizationregistry': [ '1.1.1' ],
88 silly audit   'is-generator-function': [ '1.1.2' ],
88 silly audit   'is-glob': [ '4.0.3' ],
88 silly audit   'is-map': [ '2.0.3' ],
88 silly audit   'is-negative-zero': [ '2.0.3' ],
88 silly audit   'is-number': [ '7.0.0' ],
88 silly audit   'is-number-object': [ '1.1.1' ],
88 silly audit   'is-regex': [ '1.2.1' ],
88 silly audit   'is-set': [ '2.0.3' ],
88 silly audit   'is-shared-array-buffer': [ '1.0.4' ],
88 silly audit   'is-string': [ '1.1.1' ],
88 silly audit   'is-symbol': [ '1.1.1' ],
88 silly audit   'is-typed-array': [ '1.1.15' ],
88 silly audit   'is-weakmap': [ '2.0.2' ],
88 silly audit   'is-weakref': [ '1.1.1' ],
88 silly audit   'is-weakset': [ '2.0.4' ],
88 silly audit   isarray: [ '2.0.5' ],
88 silly audit   isexe: [ '2.0.0' ],
88 silly audit   'iterator.prototype': [ '1.1.5' ],
88 silly audit   jiti: [ '2.6.1' ],
88 silly audit   jose: [ '4.15.9' ],
88 silly audit   jquery: [ '3.7.1' ],
88 silly audit   'js-tokens': [ '4.0.0' ],
88 silly audit   'js-yaml': [ '4.1.0' ],
88 silly audit   jsesc: [ '3.1.0' ],
88 silly audit   'json-buffer': [ '3.0.1' ],
88 silly audit   'json-schema-traverse': [ '0.4.1' ],
88 silly audit   'json-stable-stringify-without-jsonify': [ '1.0.1' ],
88 silly audit   json2mq: [ '0.2.0' ],
88 silly audit   json5: [ '2.2.3', '1.0.2' ],
88 silly audit   'jsx-ast-utils': [ '3.3.5' ],
88 silly audit   kareem: [ '2.6.3' ],
88 silly audit   keyv: [ '4.5.4' ],
88 silly audit   'language-subtag-registry': [ '0.3.23' ],
88 silly audit   'language-tags': [ '1.0.9' ],
88 silly audit   levn: [ '0.4.1' ],
88 silly audit   lightningcss: [ '1.30.2' ],
88 silly audit   'lightningcss-android-arm64': [ '1.30.2' ],
88 silly audit   'lightningcss-darwin-arm64': [ '1.30.2' ],
88 silly audit   'lightningcss-darwin-x64': [ '1.30.2' ],
88 silly audit   'lightningcss-freebsd-x64': [ '1.30.2' ],
88 silly audit   'lightningcss-linux-arm-gnueabihf': [ '1.30.2' ],
88 silly audit   'lightningcss-linux-arm64-gnu': [ '1.30.2' ],
88 silly audit   'lightningcss-linux-arm64-musl': [ '1.30.2' ],
88 silly audit   'lightningcss-linux-x64-gnu': [ '1.30.2' ],
88 silly audit   'lightningcss-linux-x64-musl': [ '1.30.2' ],
88 silly audit   'lightningcss-win32-arm64-msvc': [ '1.30.2' ],
88 silly audit   'lightningcss-win32-x64-msvc': [ '1.30.2' ],
88 silly audit   'locate-path': [ '6.0.0' ],
88 silly audit   'lodash.debounce': [ '4.0.8' ],
88 silly audit   'lodash.merge': [ '4.6.2' ],
88 silly audit   'loose-envify': [ '1.4.0' ],
88 silly audit   'lru-cache': [ '5.1.1', '6.0.0' ],
88 silly audit   'magic-string': [ '0.30.21' ],
88 silly audit   'math-intrinsics': [ '1.1.0' ],
88 silly audit   'memory-pager': [ '1.5.0' ],
88 silly audit   merge2: [ '1.4.1' ],
88 silly audit   micromatch: [ '4.0.8' ],
88 silly audit   'mime-db': [ '1.52.0' ],
88 silly audit   'mime-types': [ '2.1.35' ],
88 silly audit   minimist: [ '1.2.8' ],
88 silly audit   mongodb: [ '6.20.0' ],
88 silly audit   'mongodb-connection-string-url': [ '3.0.2' ],
88 silly audit   mongoose: [ '8.19.3' ],
88 silly audit   mpath: [ '0.9.0' ],
88 silly audit   mquery: [ '5.0.0' ],
88 silly audit   ms: [ '2.1.3' ],
88 silly audit   nanoid: [ '3.3.11' ],
88 silly audit   'napi-postinstall': [ '0.3.4' ],
88 silly audit   'natural-compare': [ '1.4.0' ],
88 silly audit   next: [ '16.0.1' ],
88 silly audit   'next-auth': [ '4.24.13' ],
88 silly audit   postcss: [ '8.4.31', '8.5.6' ],
88 silly audit   'node-addon-api': [ '8.5.0' ],
88 silly audit   'node-gyp-build': [ '4.8.4' ],
88 silly audit   'node-releases': [ '2.0.27' ],
88 silly audit   nodemailer: [ '7.0.10' ],
88 silly audit   oauth: [ '0.9.15' ],
88 silly audit   'object-assign': [ '4.1.1' ],
88 silly audit   'object-hash': [ '2.2.0' ],
88 silly audit   'object-inspect': [ '1.13.4' ],
88 silly audit   'object-keys': [ '1.1.1' ],
88 silly audit   'object.assign': [ '4.1.7' ],
88 silly audit   'object.entries': [ '1.1.9' ],
88 silly audit   'object.fromentries': [ '2.0.8' ],
88 silly audit   'object.groupby': [ '1.0.3' ],
88 silly audit   'object.values': [ '1.2.1' ],
88 silly audit   'oidc-token-hash': [ '5.2.0' ],
88 silly audit   'openid-client': [ '5.7.1' ],
88 silly audit   yallist: [ '4.0.0', '3.1.1' ],
88 silly audit   optionator: [ '0.9.4' ],
88 silly audit   'own-keys': [ '1.0.1' ],
88 silly audit   'p-limit': [ '3.1.0' ],
88 silly audit   'p-locate': [ '5.0.0' ],
88 silly audit   'parent-module': [ '1.0.1' ],
88 silly audit   'path-exists': [ '4.0.0' ],
88 silly audit   'path-key': [ '3.1.1' ],
88 silly audit   'path-parse': [ '1.0.7' ],
88 silly audit   picocolors: [ '1.1.1' ],
88 silly audit   picomatch: [ '2.3.1', '4.0.3' ],
88 silly audit   'possible-typed-array-names': [ '1.1.0' ],
88 silly audit   preact: [ '10.27.2' ],
88 silly audit   'preact-render-to-string': [ '5.2.6' ],
88 silly audit   'prelude-ls': [ '1.2.1' ],
88 silly audit   'pretty-format': [ '3.8.0' ],
88 silly audit   'prop-types': [ '15.8.1' ],
88 silly audit   'proxy-from-env': [ '1.1.0' ],
88 silly audit   punycode: [ '2.3.1' ],
88 silly audit   qs: [ '6.14.0' ],
88 silly audit   'queue-microtask': [ '1.2.3' ],
88 silly audit   react: [ '19.2.0' ],
88 silly audit   'react-dom': [ '19.2.0' ],
88 silly audit   'react-hot-toast': [ '2.6.0' ],
88 silly audit   'react-icons': [ '5.5.0' ],
88 silly audit   'react-is': [ '16.13.1' ],
88 silly audit   'react-redux': [ '9.2.0' ],
88 silly audit   'react-slick': [ '0.31.0' ],
88 silly audit   redux: [ '5.0.1' ],
88 silly audit   'redux-thunk': [ '3.1.0' ],
88 silly audit   'reflect.getprototypeof': [ '1.0.10' ],
88 silly audit   'regexp.prototype.flags': [ '1.5.4' ],
88 silly audit   reselect: [ '5.1.1' ],
88 silly audit   'resize-observer-polyfill': [ '1.5.1' ],
88 silly audit   'resolve-from': [ '4.0.0' ],
88 silly audit   'resolve-pkg-maps': [ '1.0.0' ],
88 silly audit   reusify: [ '1.1.0' ],
88 silly audit   'run-parallel': [ '1.2.0' ],
88 silly audit   'safe-array-concat': [ '1.1.3' ],
88 silly audit   'safe-push-apply': [ '1.0.0' ],
88 silly audit   'safe-regex-test': [ '1.1.0' ],
88 silly audit   scheduler: [ '0.27.0' ],
88 silly audit   'set-function-length': [ '1.2.2' ],
88 silly audit   'set-function-name': [ '2.0.2' ],
88 silly audit   'set-proto': [ '1.0.0' ],
88 silly audit   sharp: [ '0.34.5' ],
88 silly audit   'shebang-command': [ '2.0.0' ],
88 silly audit   'shebang-regex': [ '3.0.0' ],
88 silly audit   'side-channel': [ '1.1.0' ],
88 silly audit   'side-channel-list': [ '1.0.0' ],
88 silly audit   'side-channel-map': [ '1.0.1' ],
88 silly audit   'side-channel-weakmap': [ '1.0.2' ],
88 silly audit   sift: [ '17.1.3' ],
88 silly audit   'slick-carousel': [ '1.8.1' ],
88 silly audit   'source-map-js': [ '1.2.1' ],
88 silly audit   'sparse-bitfield': [ '3.0.3' ],
88 silly audit   'stable-hash': [ '0.0.5' ],
88 silly audit   'stop-iteration-iterator': [ '1.1.0' ],
88 silly audit   'string-convert': [ '0.2.1' ],
88 silly audit   'string.prototype.includes': [ '2.0.1' ],
88 silly audit   'string.prototype.matchall': [ '4.0.12' ],
88 silly audit   'string.prototype.repeat': [ '1.0.0' ],
88 silly audit   'string.prototype.trim': [ '1.2.10' ],
88 silly audit   'string.prototype.trimend': [ '1.0.9' ],
88 silly audit   'string.prototype.trimstart': [ '1.0.8' ],
88 silly audit   'strip-bom': [ '3.0.0' ],
88 silly audit   'strip-json-comments': [ '3.1.1' ],
88 silly audit   stripe: [ '19.3.1' ],
88 silly audit   'styled-jsx': [ '5.1.6' ],
88 silly audit   'supports-color': [ '7.2.0' ],
88 silly audit   'supports-preserve-symlinks-flag': [ '1.0.0' ],
88 silly audit   tailwindcss: [ '4.1.17' ],
88 silly audit   tapable: [ '2.3.0' ],
88 silly audit   tinyglobby: [ '0.2.15' ],
88 silly audit   fdir: [ '6.5.0' ],
88 silly audit   'to-regex-range': [ '5.0.1' ],
88 silly audit   tr46: [ '5.1.1' ],
88 silly audit   'ts-api-utils': [ '2.1.0' ],
88 silly audit   'tsconfig-paths': [ '3.15.0' ],
88 silly audit   tslib: [ '2.8.1' ],
88 silly audit   'type-check': [ '0.4.0' ],
88 silly audit   'typed-array-buffer': [ '1.0.3' ],
88 silly audit   'typed-array-byte-length': [ '1.0.3' ],
88 silly audit   'typed-array-byte-offset': [ '1.0.4' ],
88 silly audit   'typed-array-length': [ '1.0.7' ],
88 silly audit   typescript: [ '5.9.3' ],
88 silly audit   'typescript-eslint': [ '8.46.3' ],
88 silly audit   'unbox-primitive': [ '1.1.0' ],
88 silly audit   'unrs-resolver': [ '1.11.1' ],
88 silly audit   'update-browserslist-db': [ '1.1.4' ],
88 silly audit   'uri-js': [ '4.4.1' ],
88 silly audit   'use-sync-external-store': [ '1.6.0' ],
88 silly audit   uuid: [ '8.3.2' ],
88 silly audit   'webidl-conversions': [ '7.0.0' ],
88 silly audit   'whatwg-url': [ '14.2.0' ],
88 silly audit   which: [ '2.0.2' ],
88 silly audit   'which-boxed-primitive': [ '1.1.1' ],
88 silly audit   'which-builtin-type': [ '1.2.1' ],
88 silly audit   'which-collection': [ '1.0.2' ],
88 silly audit   'which-typed-array': [ '1.1.19' ],
88 silly audit   'word-wrap': [ '1.2.5' ],
88 silly audit   'yocto-queue': [ '0.1.0' ],
88 silly audit   zod: [ '4.1.12' ],
88 silly audit   'zod-validation-error': [ '4.0.2' ],
88 silly audit   micro: [ '10.0.1' ],
88 silly audit   arg: [ '4.1.0' ],
88 silly audit   'content-type': [ '1.0.4' ],
88 silly audit   'raw-body': [ '2.4.1' ],
88 silly audit   bytes: [ '3.1.0' ],
88 silly audit   'http-errors': [ '1.7.3' ],
88 silly audit   'iconv-lite': [ '0.4.24' ],
88 silly audit   unpipe: [ '1.0.0' ],
88 silly audit   depd: [ '1.1.2' ],
88 silly audit   inherits: [ '2.0.4' ],
88 silly audit   setprototypeof: [ '1.1.1' ],
88 silly audit   statuses: [ '1.5.0' ],
88 silly audit   toidentifier: [ '1.0.0' ],
88 silly audit   'safer-buffer': [ '2.1.2' ],
88 silly audit   '@tailwindcss/oxide-wasm32-wasi': [ '4.1.17' ]
88 silly audit }
89 verbose reify failed optional dependency C:\project\badbuz\GuaranteedSportPicks\node_modules\lightningcss-win32-arm64-msvc
90 silly reify mark deleted [
90 silly reify   'C:\\project\\badbuz\\GuaranteedSportPicks\\node_modules\\lightningcss-win32-arm64-msvc'
90 silly reify ]
91 verbose reify failed optional dependency C:\project\badbuz\GuaranteedSportPicks\node_modules\lightningcss-linux-x64-musl
92 silly reify mark deleted [
92 silly reify   'C:\\project\\badbuz\\GuaranteedSportPicks\\node_modules\\lightningcss-linux-x64-musl'
92 silly reify ]
93 verbose reify failed optional dependency C:\project\badbuz\GuaranteedSportPicks\node_modules\lightningcss-linux-x64-gnu
94 silly reify mark deleted [
94 silly reify   'C:\\project\\badbuz\\GuaranteedSportPicks\\node_modules\\lightningcss-linux-x64-gnu'
94 silly reify ]
95 verbose reify failed optional dependency C:\project\badbuz\GuaranteedSportPicks\node_modules\lightningcss-linux-arm64-musl
96 silly reify mark deleted [
96 silly reify   'C:\\project\\badbuz\\GuaranteedSportPicks\\node_modules\\lightningcss-linux-arm64-musl'
96 silly reify ]
97 verbose reify failed optional dependency C:\project\badbuz\GuaranteedSportPicks\node_modules\lightningcss-linux-arm64-gnu
98 silly reify mark deleted [
98 silly reify   'C:\\project\\badbuz\\GuaranteedSportPicks\\node_modules\\lightningcss-linux-arm64-gnu'
98 silly reify ]
99 verbose reify failed optional dependency C:\project\badbuz\GuaranteedSportPicks\node_modules\lightningcss-linux-arm-gnueabihf
100 silly reify mark deleted [
100 silly reify   'C:\\project\\badbuz\\GuaranteedSportPicks\\node_modules\\lightningcss-linux-arm-gnueabihf'
100 silly reify ]
101 verbose reify failed optional dependency C:\project\badbuz\GuaranteedSportPicks\node_modules\lightningcss-freebsd-x64
102 silly reify mark deleted [
102 silly reify   'C:\\project\\badbuz\\GuaranteedSportPicks\\node_modules\\lightningcss-freebsd-x64'
102 silly reify ]
103 verbose reify failed optional dependency C:\project\badbuz\GuaranteedSportPicks\node_modules\lightningcss-darwin-x64
104 silly reify mark deleted [
104 silly reify   'C:\\project\\badbuz\\GuaranteedSportPicks\\node_modules\\lightningcss-darwin-x64'
104 silly reify ]
105 verbose reify failed optional dependency C:\project\badbuz\GuaranteedSportPicks\node_modules\lightningcss-darwin-arm64
106 silly reify mark deleted [
106 silly reify   'C:\\project\\badbuz\\GuaranteedSportPicks\\node_modules\\lightningcss-darwin-arm64'
106 silly reify ]
107 verbose reify failed optional dependency C:\project\badbuz\GuaranteedSportPicks\node_modules\lightningcss-android-arm64
108 silly reify mark deleted [
108 silly reify   'C:\\project\\badbuz\\GuaranteedSportPicks\\node_modules\\lightningcss-android-arm64'
108 silly reify ]
109 verbose reify failed optional dependency C:\project\badbuz\GuaranteedSportPicks\node_modules\@unrs\resolver-binding-win32-ia32-msvc
110 silly reify mark deleted [
110 silly reify   'C:\\project\\badbuz\\GuaranteedSportPicks\\node_modules\\@unrs\\resolver-binding-win32-ia32-msvc'
110 silly reify ]
111 verbose reify failed optional dependency C:\project\badbuz\GuaranteedSportPicks\node_modules\@unrs\resolver-binding-win32-arm64-msvc
112 silly reify mark deleted [
112 silly reify   'C:\\project\\badbuz\\GuaranteedSportPicks\\node_modules\\@unrs\\resolver-binding-win32-arm64-msvc'
112 silly reify ]
113 verbose reify failed optional dependency C:\project\badbuz\GuaranteedSportPicks\node_modules\@unrs\resolver-binding-wasm32-wasi
114 silly reify mark deleted [
114 silly reify   'C:\\project\\badbuz\\GuaranteedSportPicks\\node_modules\\@unrs\\resolver-binding-wasm32-wasi'
114 silly reify ]
115 verbose reify failed optional dependency C:\project\badbuz\GuaranteedSportPicks\node_modules\@unrs\resolver-binding-linux-x64-musl
116 silly reify mark deleted [
116 silly reify   'C:\\project\\badbuz\\GuaranteedSportPicks\\node_modules\\@unrs\\resolver-binding-linux-x64-musl'
116 silly reify ]
117 verbose reify failed optional dependency C:\project\badbuz\GuaranteedSportPicks\node_modules\@unrs\resolver-binding-linux-x64-gnu
118 silly reify mark deleted [
118 silly reify   'C:\\project\\badbuz\\GuaranteedSportPicks\\node_modules\\@unrs\\resolver-binding-linux-x64-gnu'
118 silly reify ]
119 verbose reify failed optional dependency C:\project\badbuz\GuaranteedSportPicks\node_modules\@unrs\resolver-binding-linux-s390x-gnu
120 silly reify mark deleted [
120 silly reify   'C:\\project\\badbuz\\GuaranteedSportPicks\\node_modules\\@unrs\\resolver-binding-linux-s390x-gnu'
120 silly reify ]
121 verbose reify failed optional dependency C:\project\badbuz\GuaranteedSportPicks\node_modules\@unrs\resolver-binding-linux-riscv64-musl
122 silly reify mark deleted [
122 silly reify   'C:\\project\\badbuz\\GuaranteedSportPicks\\node_modules\\@unrs\\resolver-binding-linux-riscv64-musl'
122 silly reify ]
123 verbose reify failed optional dependency C:\project\badbuz\GuaranteedSportPicks\node_modules\@unrs\resolver-binding-linux-riscv64-gnu
124 silly reify mark deleted [
124 silly reify   'C:\\project\\badbuz\\GuaranteedSportPicks\\node_modules\\@unrs\\resolver-binding-linux-riscv64-gnu'
124 silly reify ]
125 verbose reify failed optional dependency C:\project\badbuz\GuaranteedSportPicks\node_modules\@unrs\resolver-binding-linux-ppc64-gnu
126 silly reify mark deleted [
126 silly reify   'C:\\project\\badbuz\\GuaranteedSportPicks\\node_modules\\@unrs\\resolver-binding-linux-ppc64-gnu'
126 silly reify ]
127 verbose reify failed optional dependency C:\project\badbuz\GuaranteedSportPicks\node_modules\@unrs\resolver-binding-linux-arm64-musl
128 silly reify mark deleted [
128 silly reify   'C:\\project\\badbuz\\GuaranteedSportPicks\\node_modules\\@unrs\\resolver-binding-linux-arm64-musl'
128 silly reify ]
129 verbose reify failed optional dependency C:\project\badbuz\GuaranteedSportPicks\node_modules\@unrs\resolver-binding-linux-arm64-gnu
130 silly reify mark deleted [
130 silly reify   'C:\\project\\badbuz\\GuaranteedSportPicks\\node_modules\\@unrs\\resolver-binding-linux-arm64-gnu'
130 silly reify ]
131 verbose reify failed optional dependency C:\project\badbuz\GuaranteedSportPicks\node_modules\@unrs\resolver-binding-linux-arm-musleabihf
132 silly reify mark deleted [
132 silly reify   'C:\\project\\badbuz\\GuaranteedSportPicks\\node_modules\\@unrs\\resolver-binding-linux-arm-musleabihf'
132 silly reify ]
133 verbose reify failed optional dependency C:\project\badbuz\GuaranteedSportPicks\node_modules\@unrs\resolver-binding-linux-arm-gnueabihf
134 silly reify mark deleted [
134 silly reify   'C:\\project\\badbuz\\GuaranteedSportPicks\\node_modules\\@unrs\\resolver-binding-linux-arm-gnueabihf'
134 silly reify ]
135 verbose reify failed optional dependency C:\project\badbuz\GuaranteedSportPicks\node_modules\@unrs\resolver-binding-freebsd-x64
136 silly reify mark deleted [
136 silly reify   'C:\\project\\badbuz\\GuaranteedSportPicks\\node_modules\\@unrs\\resolver-binding-freebsd-x64'
136 silly reify ]
137 verbose reify failed optional dependency C:\project\badbuz\GuaranteedSportPicks\node_modules\@unrs\resolver-binding-darwin-x64
138 silly reify mark deleted [
138 silly reify   'C:\\project\\badbuz\\GuaranteedSportPicks\\node_modules\\@unrs\\resolver-binding-darwin-x64'
138 silly reify ]
139 verbose reify failed optional dependency C:\project\badbuz\GuaranteedSportPicks\node_modules\@unrs\resolver-binding-darwin-arm64
140 silly reify mark deleted [
140 silly reify   'C:\\project\\badbuz\\GuaranteedSportPicks\\node_modules\\@unrs\\resolver-binding-darwin-arm64'
140 silly reify ]
141 verbose reify failed optional dependency C:\project\badbuz\GuaranteedSportPicks\node_modules\@unrs\resolver-binding-android-arm64
142 silly reify mark deleted [
142 silly reify   'C:\\project\\badbuz\\GuaranteedSportPicks\\node_modules\\@unrs\\resolver-binding-android-arm64'
142 silly reify ]
143 verbose reify failed optional dependency C:\project\badbuz\GuaranteedSportPicks\node_modules\@unrs\resolver-binding-android-arm-eabi
144 silly reify mark deleted [
144 silly reify   'C:\\project\\badbuz\\GuaranteedSportPicks\\node_modules\\@unrs\\resolver-binding-android-arm-eabi'
144 silly reify ]
145 verbose reify failed optional dependency C:\project\badbuz\GuaranteedSportPicks\node_modules\@tailwindcss\oxide-win32-arm64-msvc
146 silly reify mark deleted [
146 silly reify   'C:\\project\\badbuz\\GuaranteedSportPicks\\node_modules\\@tailwindcss\\oxide-win32-arm64-msvc'
146 silly reify ]
147 verbose reify failed optional dependency C:\project\badbuz\GuaranteedSportPicks\node_modules\@tailwindcss\oxide-linux-x64-musl
148 silly reify mark deleted [
148 silly reify   'C:\\project\\badbuz\\GuaranteedSportPicks\\node_modules\\@tailwindcss\\oxide-linux-x64-musl'
148 silly reify ]
149 verbose reify failed optional dependency C:\project\badbuz\GuaranteedSportPicks\node_modules\@tailwindcss\oxide-linux-x64-gnu
150 silly reify mark deleted [
150 silly reify   'C:\\project\\badbuz\\GuaranteedSportPicks\\node_modules\\@tailwindcss\\oxide-linux-x64-gnu'
150 silly reify ]
151 verbose reify failed optional dependency C:\project\badbuz\GuaranteedSportPicks\node_modules\@tailwindcss\oxide-linux-arm64-musl
152 silly reify mark deleted [
152 silly reify   'C:\\project\\badbuz\\GuaranteedSportPicks\\node_modules\\@tailwindcss\\oxide-linux-arm64-musl'
152 silly reify ]
153 verbose reify failed optional dependency C:\project\badbuz\GuaranteedSportPicks\node_modules\@tailwindcss\oxide-linux-arm64-gnu
154 silly reify mark deleted [
154 silly reify   'C:\\project\\badbuz\\GuaranteedSportPicks\\node_modules\\@tailwindcss\\oxide-linux-arm64-gnu'
154 silly reify ]
155 verbose reify failed optional dependency C:\project\badbuz\GuaranteedSportPicks\node_modules\@tailwindcss\oxide-linux-arm-gnueabihf
156 silly reify mark deleted [
156 silly reify   'C:\\project\\badbuz\\GuaranteedSportPicks\\node_modules\\@tailwindcss\\oxide-linux-arm-gnueabihf'
156 silly reify ]
157 verbose reify failed optional dependency C:\project\badbuz\GuaranteedSportPicks\node_modules\@tailwindcss\oxide-freebsd-x64
158 silly reify mark deleted [
158 silly reify   'C:\\project\\badbuz\\GuaranteedSportPicks\\node_modules\\@tailwindcss\\oxide-freebsd-x64'
158 silly reify ]
159 verbose reify failed optional dependency C:\project\badbuz\GuaranteedSportPicks\node_modules\@tailwindcss\oxide-darwin-x64
160 silly reify mark deleted [
160 silly reify   'C:\\project\\badbuz\\GuaranteedSportPicks\\node_modules\\@tailwindcss\\oxide-darwin-x64'
160 silly reify ]
161 verbose reify failed optional dependency C:\project\badbuz\GuaranteedSportPicks\node_modules\@tailwindcss\oxide-darwin-arm64
162 silly reify mark deleted [
162 silly reify   'C:\\project\\badbuz\\GuaranteedSportPicks\\node_modules\\@tailwindcss\\oxide-darwin-arm64'
162 silly reify ]
163 verbose reify failed optional dependency C:\project\badbuz\GuaranteedSportPicks\node_modules\@tailwindcss\oxide-android-arm64
164 silly reify mark deleted [
164 silly reify   'C:\\project\\badbuz\\GuaranteedSportPicks\\node_modules\\@tailwindcss\\oxide-android-arm64'
164 silly reify ]
165 verbose reify failed optional dependency C:\project\badbuz\GuaranteedSportPicks\node_modules\@next\swc-win32-arm64-msvc
166 silly reify mark deleted [
166 silly reify   'C:\\project\\badbuz\\GuaranteedSportPicks\\node_modules\\@next\\swc-win32-arm64-msvc'
166 silly reify ]
167 verbose reify failed optional dependency C:\project\badbuz\GuaranteedSportPicks\node_modules\@next\swc-linux-x64-musl
168 silly reify mark deleted [
168 silly reify   'C:\\project\\badbuz\\GuaranteedSportPicks\\node_modules\\@next\\swc-linux-x64-musl'
168 silly reify ]
169 verbose reify failed optional dependency C:\project\badbuz\GuaranteedSportPicks\node_modules\@next\swc-linux-x64-gnu
170 silly reify mark deleted [
170 silly reify   'C:\\project\\badbuz\\GuaranteedSportPicks\\node_modules\\@next\\swc-linux-x64-gnu'
170 silly reify ]
171 verbose reify failed optional dependency C:\project\badbuz\GuaranteedSportPicks\node_modules\@next\swc-linux-arm64-musl
172 silly reify mark deleted [
172 silly reify   'C:\\project\\badbuz\\GuaranteedSportPicks\\node_modules\\@next\\swc-linux-arm64-musl'
172 silly reify ]
173 verbose reify failed optional dependency C:\project\badbuz\GuaranteedSportPicks\node_modules\@next\swc-linux-arm64-gnu
174 silly reify mark deleted [
174 silly reify   'C:\\project\\badbuz\\GuaranteedSportPicks\\node_modules\\@next\\swc-linux-arm64-gnu'
174 silly reify ]
175 verbose reify failed optional dependency C:\project\badbuz\GuaranteedSportPicks\node_modules\@next\swc-darwin-x64
176 silly reify mark deleted [
176 silly reify   'C:\\project\\badbuz\\GuaranteedSportPicks\\node_modules\\@next\\swc-darwin-x64'
176 silly reify ]
177 verbose reify failed optional dependency C:\project\badbuz\GuaranteedSportPicks\node_modules\@next\swc-darwin-arm64
178 silly reify mark deleted [
178 silly reify   'C:\\project\\badbuz\\GuaranteedSportPicks\\node_modules\\@next\\swc-darwin-arm64'
178 silly reify ]
179 verbose reify failed optional dependency C:\project\badbuz\GuaranteedSportPicks\node_modules\@img\sharp-win32-ia32
180 silly reify mark deleted [
180 silly reify   'C:\\project\\badbuz\\GuaranteedSportPicks\\node_modules\\@img\\sharp-win32-ia32'
180 silly reify ]
181 verbose reify failed optional dependency C:\project\badbuz\GuaranteedSportPicks\node_modules\@img\sharp-win32-arm64
182 silly reify mark deleted [
182 silly reify   'C:\\project\\badbuz\\GuaranteedSportPicks\\node_modules\\@img\\sharp-win32-arm64'
182 silly reify ]
183 verbose reify failed optional dependency C:\project\badbuz\GuaranteedSportPicks\node_modules\@img\sharp-wasm32
184 silly reify mark deleted [
184 silly reify   'C:\\project\\badbuz\\GuaranteedSportPicks\\node_modules\\@img\\sharp-wasm32'
184 silly reify ]
185 verbose reify failed optional dependency C:\project\badbuz\GuaranteedSportPicks\node_modules\@img\sharp-linuxmusl-x64
186 silly reify mark deleted [
186 silly reify   'C:\\project\\badbuz\\GuaranteedSportPicks\\node_modules\\@img\\sharp-linuxmusl-x64'
186 silly reify ]
187 verbose reify failed optional dependency C:\project\badbuz\GuaranteedSportPicks\node_modules\@img\sharp-linuxmusl-arm64
188 silly reify mark deleted [
188 silly reify   'C:\\project\\badbuz\\GuaranteedSportPicks\\node_modules\\@img\\sharp-linuxmusl-arm64'
188 silly reify ]
189 verbose reify failed optional dependency C:\project\badbuz\GuaranteedSportPicks\node_modules\@img\sharp-linux-x64
190 silly reify mark deleted [
190 silly reify   'C:\\project\\badbuz\\GuaranteedSportPicks\\node_modules\\@img\\sharp-linux-x64'
190 silly reify ]
191 verbose reify failed optional dependency C:\project\badbuz\GuaranteedSportPicks\node_modules\@img\sharp-linux-s390x
192 silly reify mark deleted [
192 silly reify   'C:\\project\\badbuz\\GuaranteedSportPicks\\node_modules\\@img\\sharp-linux-s390x'
192 silly reify ]
193 verbose reify failed optional dependency C:\project\badbuz\GuaranteedSportPicks\node_modules\@img\sharp-linux-riscv64
194 silly reify mark deleted [
194 silly reify   'C:\\project\\badbuz\\GuaranteedSportPicks\\node_modules\\@img\\sharp-linux-riscv64'
194 silly reify ]
195 verbose reify failed optional dependency C:\project\badbuz\GuaranteedSportPicks\node_modules\@img\sharp-linux-ppc64
196 silly reify mark deleted [
196 silly reify   'C:\\project\\badbuz\\GuaranteedSportPicks\\node_modules\\@img\\sharp-linux-ppc64'
196 silly reify ]
197 verbose reify failed optional dependency C:\project\badbuz\GuaranteedSportPicks\node_modules\@img\sharp-linux-arm64
198 silly reify mark deleted [
198 silly reify   'C:\\project\\badbuz\\GuaranteedSportPicks\\node_modules\\@img\\sharp-linux-arm64'
198 silly reify ]
199 verbose reify failed optional dependency C:\project\badbuz\GuaranteedSportPicks\node_modules\@img\sharp-linux-arm
200 silly reify mark deleted [
200 silly reify   'C:\\project\\badbuz\\GuaranteedSportPicks\\node_modules\\@img\\sharp-linux-arm'
200 silly reify ]
201 verbose reify failed optional dependency C:\project\badbuz\GuaranteedSportPicks\node_modules\@img\sharp-libvips-linuxmusl-x64
202 silly reify mark deleted [
202 silly reify   'C:\\project\\badbuz\\GuaranteedSportPicks\\node_modules\\@img\\sharp-libvips-linuxmusl-x64'
202 silly reify ]
203 verbose reify failed optional dependency C:\project\badbuz\GuaranteedSportPicks\node_modules\@img\sharp-libvips-linuxmusl-arm64
204 silly reify mark deleted [
204 silly reify   'C:\\project\\badbuz\\GuaranteedSportPicks\\node_modules\\@img\\sharp-libvips-linuxmusl-arm64'
204 silly reify ]
205 verbose reify failed optional dependency C:\project\badbuz\GuaranteedSportPicks\node_modules\@img\sharp-libvips-linux-x64
206 silly reify mark deleted [
206 silly reify   'C:\\project\\badbuz\\GuaranteedSportPicks\\node_modules\\@img\\sharp-libvips-linux-x64'
206 silly reify ]
207 verbose reify failed optional dependency C:\project\badbuz\GuaranteedSportPicks\node_modules\@img\sharp-libvips-linux-s390x
208 silly reify mark deleted [
208 silly reify   'C:\\project\\badbuz\\GuaranteedSportPicks\\node_modules\\@img\\sharp-libvips-linux-s390x'
208 silly reify ]
209 verbose reify failed optional dependency C:\project\badbuz\GuaranteedSportPicks\node_modules\@img\sharp-libvips-linux-riscv64
210 silly reify mark deleted [
210 silly reify   'C:\\project\\badbuz\\GuaranteedSportPicks\\node_modules\\@img\\sharp-libvips-linux-riscv64'
210 silly reify ]
211 verbose reify failed optional dependency C:\project\badbuz\GuaranteedSportPicks\node_modules\@img\sharp-libvips-linux-ppc64
212 silly reify mark deleted [
212 silly reify   'C:\\project\\badbuz\\GuaranteedSportPicks\\node_modules\\@img\\sharp-libvips-linux-ppc64'
212 silly reify ]
213 verbose reify failed optional dependency C:\project\badbuz\GuaranteedSportPicks\node_modules\@img\sharp-libvips-linux-arm64
214 silly reify mark deleted [
214 silly reify   'C:\\project\\badbuz\\GuaranteedSportPicks\\node_modules\\@img\\sharp-libvips-linux-arm64'
214 silly reify ]
215 verbose reify failed optional dependency C:\project\badbuz\GuaranteedSportPicks\node_modules\@img\sharp-libvips-linux-arm
216 silly reify mark deleted [
216 silly reify   'C:\\project\\badbuz\\GuaranteedSportPicks\\node_modules\\@img\\sharp-libvips-linux-arm'
216 silly reify ]
217 verbose reify failed optional dependency C:\project\badbuz\GuaranteedSportPicks\node_modules\@img\sharp-libvips-darwin-x64
218 silly reify mark deleted [
218 silly reify   'C:\\project\\badbuz\\GuaranteedSportPicks\\node_modules\\@img\\sharp-libvips-darwin-x64'
218 silly reify ]
219 verbose reify failed optional dependency C:\project\badbuz\GuaranteedSportPicks\node_modules\@img\sharp-libvips-darwin-arm64
220 silly reify mark deleted [
220 silly reify   'C:\\project\\badbuz\\GuaranteedSportPicks\\node_modules\\@img\\sharp-libvips-darwin-arm64'
220 silly reify ]
221 verbose reify failed optional dependency C:\project\badbuz\GuaranteedSportPicks\node_modules\@img\sharp-darwin-x64
222 silly reify mark deleted [
222 silly reify   'C:\\project\\badbuz\\GuaranteedSportPicks\\node_modules\\@img\\sharp-darwin-x64'
222 silly reify ]
223 verbose reify failed optional dependency C:\project\badbuz\GuaranteedSportPicks\node_modules\@img\sharp-darwin-arm64
224 silly reify mark deleted [
224 silly reify   'C:\\project\\badbuz\\GuaranteedSportPicks\\node_modules\\@img\\sharp-darwin-arm64'
224 silly reify ]
225 http cache safer-buffer@https://registry.npmjs.org/safer-buffer/-/safer-buffer-2.1.2.tgz 0ms (cache hit)
226 http cache toidentifier@https://registry.npmjs.org/toidentifier/-/toidentifier-1.0.0.tgz 0ms (cache hit)
227 http cache statuses@https://registry.npmjs.org/statuses/-/statuses-1.5.0.tgz 0ms (cache hit)
228 http cache inherits@https://registry.npmjs.org/inherits/-/inherits-2.0.4.tgz 0ms (cache hit)
229 http cache depd@https://registry.npmjs.org/depd/-/depd-1.1.2.tgz 0ms (cache hit)
230 http cache iconv-lite@https://registry.npmjs.org/iconv-lite/-/iconv-lite-0.4.24.tgz 0ms (cache hit)
231 http cache setprototypeof@https://registry.npmjs.org/setprototypeof/-/setprototypeof-1.1.1.tgz 0ms (cache hit)
232 http cache http-errors@https://registry.npmjs.org/http-errors/-/http-errors-1.7.3.tgz 0ms (cache hit)
233 http cache unpipe@https://registry.npmjs.org/unpipe/-/unpipe-1.0.0.tgz 0ms (cache hit)
234 http cache bytes@https://registry.npmjs.org/bytes/-/bytes-3.1.0.tgz 0ms (cache hit)
235 http cache raw-body@https://registry.npmjs.org/raw-body/-/raw-body-2.4.1.tgz 0ms (cache hit)
236 silly tarball no local data for safer-buffer@https://registry.npmjs.org/safer-buffer/-/safer-buffer-2.1.2.tgz. Extracting by manifest.
237 http cache content-type@https://registry.npmjs.org/content-type/-/content-type-1.0.4.tgz 0ms (cache hit)
238 silly tarball no local data for toidentifier@https://registry.npmjs.org/toidentifier/-/toidentifier-1.0.0.tgz. Extracting by manifest.
239 silly tarball no local data for statuses@https://registry.npmjs.org/statuses/-/statuses-1.5.0.tgz. Extracting by manifest.
240 silly tarball no local data for inherits@https://registry.npmjs.org/inherits/-/inherits-2.0.4.tgz. Extracting by manifest.
241 silly tarball no local data for depd@https://registry.npmjs.org/depd/-/depd-1.1.2.tgz. Extracting by manifest.
242 silly tarball no local data for iconv-lite@https://registry.npmjs.org/iconv-lite/-/iconv-lite-0.4.24.tgz. Extracting by manifest.
243 silly tarball no local data for setprototypeof@https://registry.npmjs.org/setprototypeof/-/setprototypeof-1.1.1.tgz. Extracting by manifest.
244 silly tarball no local data for http-errors@https://registry.npmjs.org/http-errors/-/http-errors-1.7.3.tgz. Extracting by manifest.
245 http cache arg@https://registry.npmjs.org/arg/-/arg-4.1.0.tgz 0ms (cache hit)
246 silly tarball no local data for unpipe@https://registry.npmjs.org/unpipe/-/unpipe-1.0.0.tgz. Extracting by manifest.
247 silly tarball no local data for bytes@https://registry.npmjs.org/bytes/-/bytes-3.1.0.tgz. Extracting by manifest.
248 silly tarball no local data for raw-body@https://registry.npmjs.org/raw-body/-/raw-body-2.4.1.tgz. Extracting by manifest.
249 http cache micro@https://registry.npmjs.org/micro/-/micro-10.0.1.tgz 0ms (cache hit)
250 silly tarball no local data for content-type@https://registry.npmjs.org/content-type/-/content-type-1.0.4.tgz. Extracting by manifest.
251 silly tarball no local data for arg@https://registry.npmjs.org/arg/-/arg-4.1.0.tgz. Extracting by manifest.
252 silly tarball no local data for micro@https://registry.npmjs.org/micro/-/micro-10.0.1.tgz. Extracting by manifest.
253 http fetch GET 200 https://registry.npmjs.org/inherits/-/inherits-2.0.4.tgz 81ms (cache miss)
254 http fetch GET 200 https://registry.npmjs.org/statuses/-/statuses-1.5.0.tgz 93ms (cache miss)
255 http fetch GET 200 https://registry.npmjs.org/toidentifier/-/toidentifier-1.0.0.tgz 100ms (cache miss)
256 http fetch GET 200 https://registry.npmjs.org/unpipe/-/unpipe-1.0.0.tgz 100ms (cache miss)
257 http fetch GET 200 https://registry.npmjs.org/safer-buffer/-/safer-buffer-2.1.2.tgz 105ms (cache miss)
258 http fetch GET 200 https://registry.npmjs.org/http-errors/-/http-errors-1.7.3.tgz 106ms (cache miss)
259 http fetch GET 200 https://registry.npmjs.org/setprototypeof/-/setprototypeof-1.1.1.tgz 107ms (cache miss)
260 http fetch GET 200 https://registry.npmjs.org/arg/-/arg-4.1.0.tgz 101ms (cache miss)
261 http fetch GET 200 https://registry.npmjs.org/bytes/-/bytes-3.1.0.tgz 113ms (cache miss)
262 http fetch GET 200 https://registry.npmjs.org/content-type/-/content-type-1.0.4.tgz 113ms (cache miss)
263 http fetch GET 200 https://registry.npmjs.org/depd/-/depd-1.1.2.tgz 115ms (cache miss)
264 http fetch GET 200 https://registry.npmjs.org/raw-body/-/raw-body-2.4.1.tgz 122ms (cache miss)
265 http fetch GET 200 https://registry.npmjs.org/micro/-/micro-10.0.1.tgz 146ms (cache miss)
266 http fetch GET 200 https://registry.npmjs.org/iconv-lite/-/iconv-lite-0.4.24.tgz 164ms (cache miss)
267 http fetch POST 200 https://registry.npmjs.org/-/npm/v1/security/advisories/bulk 359ms
268 silly audit report {
268 silly audit report   'js-yaml': [
268 silly audit report     {
268 silly audit report       id: 1109802,
268 silly audit report       url: 'https://github.com/advisories/GHSA-mh29-5h37-fv8m',
268 silly audit report       title: 'js-yaml has prototype pollution in merge (<<)',
268 silly audit report       severity: 'moderate',
268 silly audit report       vulnerable_versions: '>=4.0.0 <4.1.1',
268 silly audit report       cwe: [Array],
268 silly audit report       cvss: [Object]
268 silly audit report     }
268 silly audit report   ]
268 silly audit report }
269 silly packumentCache corgi:https://registry.npmjs.org/js-yaml cache-miss
270 http fetch GET 200 https://registry.npmjs.org/js-yaml 78ms (cache revalidated)
271 silly packumentCache corgi:https://registry.npmjs.org/js-yaml set size:58533 disposed:false
272 silly packumentCache corgi:https://registry.npmjs.org/@eslint%2feslintrc cache-miss
273 http fetch GET 200 https://registry.npmjs.org/@eslint%2feslintrc 32ms (cache revalidated)
274 silly packumentCache corgi:https://registry.npmjs.org/@eslint%2feslintrc set size:79527 disposed:false
275 silly ADD node_modules/safer-buffer
276 silly ADD node_modules/toidentifier
277 silly ADD node_modules/statuses
278 silly ADD node_modules/setprototypeof
279 silly ADD node_modules/inherits
280 silly ADD node_modules/depd
281 silly ADD node_modules/unpipe
282 silly ADD node_modules/iconv-lite
283 silly ADD node_modules/http-errors
284 silly ADD node_modules/bytes
285 silly ADD node_modules/raw-body
286 silly ADD node_modules/content-type
287 silly ADD node_modules/arg
288 silly ADD node_modules/micro
289 silly ADD
290 silly ADD
291 silly ADD
292 silly ADD
293 silly ADD
294 silly ADD
295 silly ADD
296 silly ADD
297 silly ADD
298 silly ADD
299 silly ADD
300 silly ADD
301 silly ADD
302 silly ADD
303 silly ADD
304 silly ADD
305 silly ADD
306 silly ADD
307 silly ADD
308 silly ADD
309 silly ADD
310 silly ADD
311 silly ADD
312 silly ADD
313 silly ADD
314 silly ADD
315 silly ADD
316 silly ADD
317 silly ADD
318 silly ADD
319 silly ADD
320 silly ADD
321 silly ADD
322 silly ADD
323 silly ADD
324 silly ADD
325 silly ADD
326 silly ADD
327 silly ADD
328 silly ADD
329 silly ADD
330 silly ADD
331 silly ADD
332 silly ADD
333 silly ADD
334 silly ADD
335 silly ADD
336 silly ADD
337 silly ADD
338 silly ADD
339 silly ADD
340 silly ADD
341 silly ADD
342 silly ADD
343 silly ADD
344 silly ADD
345 silly ADD
346 silly ADD
347 silly ADD
348 silly ADD
349 silly ADD
350 silly ADD
351 silly ADD
352 silly ADD
353 silly ADD
354 silly ADD
355 silly ADD
356 silly ADD
357 silly ADD
358 verbose cwd C:\project\badbuz\GuaranteedSportPicks
359 verbose os Windows_NT 10.0.26100
360 verbose node v22.15.1
361 verbose npm  v10.9.2
362 verbose exit 0
363 info ok
