0 verbose cli C:\Program Files\nodejs\node.exe C:\Program Files\nodejs\node_modules\npm\bin\npm-cli.js
1 info using npm@10.9.2
2 info using node@v22.15.1
3 silly config load:file:C:\Program Files\nodejs\node_modules\npm\npmrc
4 silly config load:file:C:\project\badbuz\GuaranteedSportPicks\.npmrc
5 silly config load:file:C:\Users\rakib\.npmrc
6 silly config load:file:C:\Users\rakib\npm-global\etc\npmrc
7 verbose title npm i react-hot-toast
8 verbose argv "i" "react-hot-toast"
9 verbose logfile logs-max:10 dir:C:\project\badbuz\GuaranteedSportPicks\UsersmynameAppDataRoamingnpm-cache\_logs\2025-11-15T05_22_15_605Z-
10 verbose logfile C:\project\badbuz\GuaranteedSportPicks\UsersmynameAppDataRoamingnpm-cache\_logs\2025-11-15T05_22_15_605Z-debug-0.log
11 silly logfile done cleaning log files
12 silly packumentCache heap:4345298944 maxSize:1086324736 maxEntrySize:543162368
13 silly idealTree buildDeps
14 silly fetch manifest react-hot-toast@^2.6.0
15 silly packumentCache full:https://registry.npmjs.org/react-hot-toast cache-miss
16 http fetch GET 200 https://registry.npmjs.org/react-hot-toast 925ms (cache miss)
17 silly packumentCache full:https://registry.npmjs.org/react-hot-toast set size:undefined disposed:false
18 silly fetch manifest react@19.2.0
19 silly packumentCache full:https://registry.npmjs.org/react cache-miss
20 http fetch GET 200 https://registry.npmjs.org/react 35ms (cache revalidated)
21 silly packumentCache full:https://registry.npmjs.org/react set size:6264123 disposed:false
22 silly fetch manifest react-dom@19.2.0
23 silly packumentCache full:https://registry.npmjs.org/react-dom cache-miss
24 http fetch GET 200 https://registry.npmjs.org/react-dom 43ms (cache revalidated)
25 silly packumentCache full:https://registry.npmjs.org/react-dom set size:8206240 disposed:false
26 silly placeDep ROOT react-hot-toast@2.6.0 REPLACE for: my-app@0.1.0 want: ^2.6.0
27 silly reify moves {}
28 verbose reify failed optional dependency C:\project\badbuz\GuaranteedSportPicks\node_modules\@tailwindcss\oxide-wasm32-wasi
29 silly reify mark deleted [
29 silly reify   'C:\\project\\badbuz\\GuaranteedSportPicks\\node_modules\\@tailwindcss\\oxide-wasm32-wasi'
29 silly reify ]
30 silly audit bulk request {
30 silly audit   '@alloc/quick-lru': [ '5.2.0' ],
30 silly audit   '@babel/code-frame': [ '7.27.1' ],
30 silly audit   '@babel/compat-data': [ '7.28.5' ],
30 silly audit   '@babel/core': [ '7.28.5' ],
30 silly audit   '@babel/generator': [ '7.28.5' ],
30 silly audit   '@babel/helper-compilation-targets': [ '7.27.2' ],
30 silly audit   '@babel/helper-globals': [ '7.28.0' ],
30 silly audit   '@babel/helper-module-imports': [ '7.27.1' ],
30 silly audit   '@babel/helper-module-transforms': [ '7.28.3' ],
30 silly audit   '@babel/helper-string-parser': [ '7.27.1' ],
30 silly audit   '@babel/helper-validator-identifier': [ '7.28.5' ],
30 silly audit   '@babel/helper-validator-option': [ '7.27.1' ],
30 silly audit   '@babel/helpers': [ '7.28.4' ],
30 silly audit   '@babel/parser': [ '7.28.5' ],
30 silly audit   '@babel/runtime': [ '7.28.4' ],
30 silly audit   '@babel/template': [ '7.27.2' ],
30 silly audit   '@babel/traverse': [ '7.28.5' ],
30 silly audit   '@babel/types': [ '7.28.5' ],
30 silly audit   '@emnapi/core': [ '1.7.0' ],
30 silly audit   '@emnapi/runtime': [ '1.7.0' ],
30 silly audit   '@emnapi/wasi-threads': [ '1.1.0' ],
30 silly audit   '@eslint-community/eslint-utils': [ '4.9.0' ],
30 silly audit   'eslint-visitor-keys': [ '3.4.3', '4.2.1' ],
30 silly audit   '@eslint-community/regexpp': [ '4.12.2' ],
30 silly audit   '@eslint/config-array': [ '0.21.1' ],
30 silly audit   '@eslint/config-helpers': [ '0.4.2' ],
30 silly audit   '@eslint/core': [ '0.17.0' ],
30 silly audit   '@eslint/eslintrc': [ '3.3.1' ],
30 silly audit   '@eslint/js': [ '9.39.1' ],
30 silly audit   '@eslint/object-schema': [ '2.1.7' ],
30 silly audit   '@eslint/plugin-kit': [ '0.4.1' ],
30 silly audit   '@humanfs/core': [ '0.19.1' ],
30 silly audit   '@humanfs/node': [ '0.16.7' ],
30 silly audit   '@humanwhocodes/module-importer': [ '1.0.1' ],
30 silly audit   '@humanwhocodes/retry': [ '0.4.3' ],
30 silly audit   '@img/colour': [ '1.0.0' ],
30 silly audit   '@img/sharp-darwin-arm64': [ '0.34.5' ],
30 silly audit   '@img/sharp-darwin-x64': [ '0.34.5' ],
30 silly audit   '@img/sharp-libvips-darwin-arm64': [ '1.2.4' ],
30 silly audit   '@img/sharp-libvips-darwin-x64': [ '1.2.4' ],
30 silly audit   '@img/sharp-libvips-linux-arm': [ '1.2.4' ],
30 silly audit   '@img/sharp-libvips-linux-arm64': [ '1.2.4' ],
30 silly audit   '@img/sharp-libvips-linux-ppc64': [ '1.2.4' ],
30 silly audit   '@img/sharp-libvips-linux-riscv64': [ '1.2.4' ],
30 silly audit   '@img/sharp-libvips-linux-s390x': [ '1.2.4' ],
30 silly audit   '@img/sharp-libvips-linux-x64': [ '1.2.4' ],
30 silly audit   '@img/sharp-libvips-linuxmusl-arm64': [ '1.2.4' ],
30 silly audit   '@img/sharp-libvips-linuxmusl-x64': [ '1.2.4' ],
30 silly audit   '@img/sharp-linux-arm': [ '0.34.5' ],
30 silly audit   '@img/sharp-linux-arm64': [ '0.34.5' ],
30 silly audit   '@img/sharp-linux-ppc64': [ '0.34.5' ],
30 silly audit   '@img/sharp-linux-riscv64': [ '0.34.5' ],
30 silly audit   '@img/sharp-linux-s390x': [ '0.34.5' ],
30 silly audit   '@img/sharp-linux-x64': [ '0.34.5' ],
30 silly audit   '@img/sharp-linuxmusl-arm64': [ '0.34.5' ],
30 silly audit   '@img/sharp-linuxmusl-x64': [ '0.34.5' ],
30 silly audit   '@img/sharp-wasm32': [ '0.34.5' ],
30 silly audit   '@img/sharp-win32-arm64': [ '0.34.5' ],
30 silly audit   '@img/sharp-win32-ia32': [ '0.34.5' ],
30 silly audit   '@img/sharp-win32-x64': [ '0.34.5' ],
30 silly audit   '@jridgewell/gen-mapping': [ '0.3.13' ],
30 silly audit   '@jridgewell/remapping': [ '2.3.5' ],
30 silly audit   '@jridgewell/resolve-uri': [ '3.1.2' ],
30 silly audit   '@jridgewell/sourcemap-codec': [ '1.5.5' ],
30 silly audit   '@jridgewell/trace-mapping': [ '0.3.31' ],
30 silly audit   '@mongodb-js/saslprep': [ '1.3.2' ],
30 silly audit   '@napi-rs/wasm-runtime': [ '0.2.12' ],
30 silly audit   '@next/env': [ '16.0.1' ],
30 silly audit   '@next/eslint-plugin-next': [ '16.0.1' ],
30 silly audit   '@next/swc-darwin-arm64': [ '16.0.1' ],
30 silly audit   '@next/swc-darwin-x64': [ '16.0.1' ],
30 silly audit   '@next/swc-linux-arm64-gnu': [ '16.0.1' ],
30 silly audit   '@next/swc-linux-arm64-musl': [ '16.0.1' ],
30 silly audit   '@next/swc-linux-x64-gnu': [ '16.0.1' ],
30 silly audit   '@next/swc-linux-x64-musl': [ '16.0.1' ],
30 silly audit   '@next/swc-win32-arm64-msvc': [ '16.0.1' ],
30 silly audit   '@next/swc-win32-x64-msvc': [ '16.0.1' ],
30 silly audit   '@nodelib/fs.scandir': [ '2.1.5' ],
30 silly audit   '@nodelib/fs.stat': [ '2.0.5' ],
30 silly audit   '@nodelib/fs.walk': [ '1.2.8' ],
30 silly audit   '@nolyfill/is-core-module': [ '1.0.39' ],
30 silly audit   '@panva/hkdf': [ '1.2.1' ],
30 silly audit   '@reduxjs/toolkit': [ '2.10.1' ],
30 silly audit   '@rtsao/scc': [ '1.1.0' ],
30 silly audit   '@standard-schema/spec': [ '1.0.0' ],
30 silly audit   '@standard-schema/utils': [ '0.3.0' ],
30 silly audit   '@swc/helpers': [ '0.5.15' ],
30 silly audit   '@tailwindcss/node': [ '4.1.17' ],
30 silly audit   '@tailwindcss/oxide': [ '4.1.17' ],
30 silly audit   '@tailwindcss/oxide-android-arm64': [ '4.1.17' ],
30 silly audit   '@tailwindcss/oxide-darwin-arm64': [ '4.1.17' ],
30 silly audit   '@tailwindcss/oxide-darwin-x64': [ '4.1.17' ],
30 silly audit   '@tailwindcss/oxide-freebsd-x64': [ '4.1.17' ],
30 silly audit   '@tailwindcss/oxide-linux-arm-gnueabihf': [ '4.1.17' ],
30 silly audit   '@tailwindcss/oxide-linux-arm64-gnu': [ '4.1.17' ],
30 silly audit   '@tailwindcss/oxide-linux-arm64-musl': [ '4.1.17' ],
30 silly audit   '@tailwindcss/oxide-linux-x64-gnu': [ '4.1.17' ],
30 silly audit   '@tailwindcss/oxide-linux-x64-musl': [ '4.1.17' ],
30 silly audit   '@tailwindcss/oxide-win32-arm64-msvc': [ '4.1.17' ],
30 silly audit   '@tailwindcss/oxide-win32-x64-msvc': [ '4.1.17' ],
30 silly audit   '@tailwindcss/postcss': [ '4.1.17' ],
30 silly audit   '@tybys/wasm-util': [ '0.10.1' ],
30 silly audit   '@types/estree': [ '1.0.8' ],
30 silly audit   '@types/json-schema': [ '7.0.15' ],
30 silly audit   '@types/json5': [ '0.0.29' ],
30 silly audit   '@types/use-sync-external-store': [ '0.0.6' ],
30 silly audit   '@types/webidl-conversions': [ '7.0.3' ],
30 silly audit   '@types/whatwg-url': [ '11.0.5' ],
30 silly audit   '@typescript-eslint/eslint-plugin': [ '8.46.3' ],
30 silly audit   ignore: [ '7.0.5', '5.3.2' ],
30 silly audit   '@typescript-eslint/parser': [ '8.46.3' ],
30 silly audit   '@typescript-eslint/project-service': [ '8.46.3' ],
30 silly audit   '@typescript-eslint/scope-manager': [ '8.46.3' ],
30 silly audit   '@typescript-eslint/tsconfig-utils': [ '8.46.3' ],
30 silly audit   '@typescript-eslint/type-utils': [ '8.46.3' ],
30 silly audit   '@typescript-eslint/types': [ '8.46.3' ],
30 silly audit   '@typescript-eslint/typescript-estree': [ '8.46.3' ],
30 silly audit   'brace-expansion': [ '2.0.2', '1.1.12' ],
30 silly audit   'fast-glob': [ '3.3.3', '3.3.1' ],
30 silly audit   'glob-parent': [ '5.1.2', '6.0.2' ],
30 silly audit   minimatch: [ '9.0.5', '3.1.2' ],
30 silly audit   semver: [ '7.7.3', '6.3.1' ],
30 silly audit   '@typescript-eslint/utils': [ '8.46.3' ],
30 silly audit   '@typescript-eslint/visitor-keys': [ '8.46.3' ],
30 silly audit   '@unrs/resolver-binding-android-arm-eabi': [ '1.11.1' ],
30 silly audit   '@unrs/resolver-binding-android-arm64': [ '1.11.1' ],
30 silly audit   '@unrs/resolver-binding-darwin-arm64': [ '1.11.1' ],
30 silly audit   '@unrs/resolver-binding-darwin-x64': [ '1.11.1' ],
30 silly audit   '@unrs/resolver-binding-freebsd-x64': [ '1.11.1' ],
30 silly audit   '@unrs/resolver-binding-linux-arm-gnueabihf': [ '1.11.1' ],
30 silly audit   '@unrs/resolver-binding-linux-arm-musleabihf': [ '1.11.1' ],
30 silly audit   '@unrs/resolver-binding-linux-arm64-gnu': [ '1.11.1' ],
30 silly audit   '@unrs/resolver-binding-linux-arm64-musl': [ '1.11.1' ],
30 silly audit   '@unrs/resolver-binding-linux-ppc64-gnu': [ '1.11.1' ],
30 silly audit   '@unrs/resolver-binding-linux-riscv64-gnu': [ '1.11.1' ],
30 silly audit   '@unrs/resolver-binding-linux-riscv64-musl': [ '1.11.1' ],
30 silly audit   '@unrs/resolver-binding-linux-s390x-gnu': [ '1.11.1' ],
30 silly audit   '@unrs/resolver-binding-linux-x64-gnu': [ '1.11.1' ],
30 silly audit   '@unrs/resolver-binding-linux-x64-musl': [ '1.11.1' ],
30 silly audit   '@unrs/resolver-binding-wasm32-wasi': [ '1.11.1' ],
30 silly audit   '@unrs/resolver-binding-win32-arm64-msvc': [ '1.11.1' ],
30 silly audit   '@unrs/resolver-binding-win32-ia32-msvc': [ '1.11.1' ],
30 silly audit   '@unrs/resolver-binding-win32-x64-msvc': [ '1.11.1' ],
30 silly audit   acorn: [ '8.15.0' ],
30 silly audit   'acorn-jsx': [ '5.3.2' ],
30 silly audit   ajv: [ '6.12.6' ],
30 silly audit   'ansi-styles': [ '4.3.0' ],
30 silly audit   argparse: [ '2.0.1' ],
30 silly audit   'aria-query': [ '5.3.2' ],
30 silly audit   'array-buffer-byte-length': [ '1.0.2' ],
30 silly audit   'array-includes': [ '3.1.9' ],
30 silly audit   'array.prototype.findlast': [ '1.2.5' ],
30 silly audit   'array.prototype.findlastindex': [ '1.2.6' ],
30 silly audit   'array.prototype.flat': [ '1.3.3' ],
30 silly audit   'array.prototype.flatmap': [ '1.3.3' ],
30 silly audit   'array.prototype.tosorted': [ '1.1.4' ],
30 silly audit   'arraybuffer.prototype.slice': [ '1.0.4' ],
30 silly audit   'ast-types-flow': [ '0.0.8' ],
30 silly audit   'async-function': [ '1.0.0' ],
30 silly audit   asynckit: [ '0.4.0' ],
30 silly audit   'available-typed-arrays': [ '1.0.7' ],
30 silly audit   'axe-core': [ '4.11.0' ],
30 silly audit   axios: [ '1.13.2' ],
30 silly audit   'axobject-query': [ '4.1.0' ],
30 silly audit   'balanced-match': [ '1.0.2' ],
30 silly audit   'baseline-browser-mapping': [ '2.8.25' ],
30 silly audit   bcrypt: [ '6.0.0' ],
30 silly audit   braces: [ '3.0.3' ],
30 silly audit   browserslist: [ '4.27.0' ],
30 silly audit   bson: [ '6.10.4' ],
30 silly audit   'call-bind': [ '1.0.8' ],
30 silly audit   'call-bind-apply-helpers': [ '1.0.2' ],
30 silly audit   'call-bound': [ '1.0.4' ],
30 silly audit   callsites: [ '3.1.0' ],
30 silly audit   'caniuse-lite': [ '1.0.30001754' ],
30 silly audit   chalk: [ '4.1.2' ],
30 silly audit   classnames: [ '2.5.1' ],
30 silly audit   'client-only': [ '0.0.1' ],
30 silly audit   'color-convert': [ '2.0.1' ],
30 silly audit   'color-name': [ '1.1.4' ],
30 silly audit   'combined-stream': [ '1.0.8' ],
30 silly audit   'concat-map': [ '0.0.1' ],
30 silly audit   'convert-source-map': [ '2.0.0' ],
30 silly audit   cookie: [ '0.7.2' ],
30 silly audit   'cross-spawn': [ '7.0.6' ],
30 silly audit   csstype: [ '3.1.3' ],
30 silly audit   'damerau-levenshtein': [ '1.0.8' ],
30 silly audit   'data-view-buffer': [ '1.0.2' ],
30 silly audit   'data-view-byte-length': [ '1.0.2' ],
30 silly audit   'data-view-byte-offset': [ '1.0.1' ],
30 silly audit   debug: [ '4.4.3', '3.2.7' ],
30 silly audit   'deep-is': [ '0.1.4' ],
30 silly audit   'define-data-property': [ '1.1.4' ],
30 silly audit   'define-properties': [ '1.2.1' ],
30 silly audit   'delayed-stream': [ '1.0.0' ],
30 silly audit   'detect-libc': [ '2.1.2' ],
30 silly audit   doctrine: [ '2.1.0' ],
30 silly audit   'dunder-proto': [ '1.0.1' ],
30 silly audit   'electron-to-chromium': [ '1.5.248' ],
30 silly audit   'emoji-regex': [ '9.2.2' ],
30 silly audit   'enhanced-resolve': [ '5.18.3' ],
30 silly audit   'es-abstract': [ '1.24.0' ],
30 silly audit   'es-define-property': [ '1.0.1' ],
30 silly audit   'es-errors': [ '1.3.0' ],
30 silly audit   'es-iterator-helpers': [ '1.2.1' ],
30 silly audit   'es-object-atoms': [ '1.1.1' ],
30 silly audit   'es-set-tostringtag': [ '2.1.0' ],
30 silly audit   'es-shim-unscopables': [ '1.1.0' ],
30 silly audit   'es-to-primitive': [ '1.3.0' ],
30 silly audit   escalade: [ '3.2.0' ],
30 silly audit   'escape-string-regexp': [ '4.0.0' ],
30 silly audit   eslint: [ '9.39.1' ],
30 silly audit   'eslint-config-next': [ '16.0.1' ],
30 silly audit   globals: [ '16.4.0', '14.0.0' ],
30 silly audit   'eslint-import-resolver-node': [ '0.3.9' ],
30 silly audit   'eslint-import-resolver-typescript': [ '3.10.1' ],
30 silly audit   'eslint-module-utils': [ '2.12.1' ],
30 silly audit   'eslint-plugin-import': [ '2.32.0' ],
30 silly audit   'eslint-plugin-jsx-a11y': [ '6.10.2' ],
30 silly audit   'eslint-plugin-react': [ '7.37.5' ],
30 silly audit   'eslint-plugin-react-hooks': [ '7.0.1' ],
30 silly audit   resolve: [ '2.0.0-next.5', '1.22.11' ],
30 silly audit   'eslint-scope': [ '8.4.0' ],
30 silly audit   espree: [ '10.4.0' ],
30 silly audit   esquery: [ '1.6.0' ],
30 silly audit   esrecurse: [ '4.3.0' ],
30 silly audit   estraverse: [ '5.3.0' ],
30 silly audit   esutils: [ '2.0.3' ],
30 silly audit   'fast-deep-equal': [ '3.1.3' ],
30 silly audit   'fast-json-stable-stringify': [ '2.1.0' ],
30 silly audit   'fast-levenshtein': [ '2.0.6' ],
30 silly audit   fastq: [ '1.19.1' ],
30 silly audit   'file-entry-cache': [ '8.0.0' ],
30 silly audit   'fill-range': [ '7.1.1' ],
30 silly audit   'find-up': [ '5.0.0' ],
30 silly audit   'flat-cache': [ '4.0.1' ],
30 silly audit   flatted: [ '3.3.3' ],
30 silly audit   'follow-redirects': [ '1.15.11' ],
30 silly audit   'for-each': [ '0.3.5' ],
30 silly audit   'form-data': [ '4.0.4' ],
30 silly audit   'function-bind': [ '1.1.2' ],
30 silly audit   'function.prototype.name': [ '1.1.8' ],
30 silly audit   'functions-have-names': [ '1.2.3' ],
30 silly audit   'generator-function': [ '2.0.1' ],
30 silly audit   gensync: [ '1.0.0-beta.2' ],
30 silly audit   'get-intrinsic': [ '1.3.0' ],
30 silly audit   'get-proto': [ '1.0.1' ],
30 silly audit   'get-symbol-description': [ '1.1.0' ],
30 silly audit   'get-tsconfig': [ '4.13.0' ],
30 silly audit   globalthis: [ '1.0.4' ],
30 silly audit   goober: [ '2.1.18' ],
30 silly audit   gopd: [ '1.2.0' ],
30 silly audit   'graceful-fs': [ '4.2.11' ],
30 silly audit   graphemer: [ '1.4.0' ],
30 silly audit   'has-bigints': [ '1.1.0' ],
30 silly audit   'has-flag': [ '4.0.0' ],
30 silly audit   'has-property-descriptors': [ '1.0.2' ],
30 silly audit   'has-proto': [ '1.2.0' ],
30 silly audit   'has-symbols': [ '1.1.0' ],
30 silly audit   'has-tostringtag': [ '1.0.2' ],
30 silly audit   hasown: [ '2.0.2' ],
30 silly audit   'hermes-estree': [ '0.25.1' ],
30 silly audit   'hermes-parser': [ '0.25.1' ],
30 silly audit   immer: [ '10.2.0' ],
30 silly audit   'import-fresh': [ '3.3.1' ],
30 silly audit   imurmurhash: [ '0.1.4' ],
30 silly audit   'internal-slot': [ '1.1.0' ],
30 silly audit   'is-array-buffer': [ '3.0.5' ],
30 silly audit   'is-async-function': [ '2.1.1' ],
30 silly audit   'is-bigint': [ '1.1.0' ],
30 silly audit   'is-boolean-object': [ '1.2.2' ],
30 silly audit   'is-bun-module': [ '2.0.0' ],
30 silly audit   'is-callable': [ '1.2.7' ],
30 silly audit   'is-core-module': [ '2.16.1' ],
30 silly audit   'is-data-view': [ '1.0.2' ],
30 silly audit   'is-date-object': [ '1.1.0' ],
30 silly audit   'is-extglob': [ '2.1.1' ],
30 silly audit   'is-finalizationregistry': [ '1.1.1' ],
30 silly audit   'is-generator-function': [ '1.1.2' ],
30 silly audit   'is-glob': [ '4.0.3' ],
30 silly audit   'is-map': [ '2.0.3' ],
30 silly audit   'is-negative-zero': [ '2.0.3' ],
30 silly audit   'is-number': [ '7.0.0' ],
30 silly audit   'is-number-object': [ '1.1.1' ],
30 silly audit   'is-regex': [ '1.2.1' ],
30 silly audit   'is-set': [ '2.0.3' ],
30 silly audit   'is-shared-array-buffer': [ '1.0.4' ],
30 silly audit   'is-string': [ '1.1.1' ],
30 silly audit   'is-symbol': [ '1.1.1' ],
30 silly audit   'is-typed-array': [ '1.1.15' ],
30 silly audit   'is-weakmap': [ '2.0.2' ],
30 silly audit   'is-weakref': [ '1.1.1' ],
30 silly audit   'is-weakset': [ '2.0.4' ],
30 silly audit   isarray: [ '2.0.5' ],
30 silly audit   isexe: [ '2.0.0' ],
30 silly audit   'iterator.prototype': [ '1.1.5' ],
30 silly audit   jiti: [ '2.6.1' ],
30 silly audit   jose: [ '4.15.9' ],
30 silly audit   jquery: [ '3.7.1' ],
30 silly audit   'js-tokens': [ '4.0.0' ],
30 silly audit   'js-yaml': [ '4.1.0' ],
30 silly audit   jsesc: [ '3.1.0' ],
30 silly audit   'json-buffer': [ '3.0.1' ],
30 silly audit   'json-schema-traverse': [ '0.4.1' ],
30 silly audit   'json-stable-stringify-without-jsonify': [ '1.0.1' ],
30 silly audit   json2mq: [ '0.2.0' ],
30 silly audit   json5: [ '2.2.3', '1.0.2' ],
30 silly audit   'jsx-ast-utils': [ '3.3.5' ],
30 silly audit   kareem: [ '2.6.3' ],
30 silly audit   keyv: [ '4.5.4' ],
30 silly audit   'language-subtag-registry': [ '0.3.23' ],
30 silly audit   'language-tags': [ '1.0.9' ],
30 silly audit   levn: [ '0.4.1' ],
30 silly audit   lightningcss: [ '1.30.2' ],
30 silly audit   'lightningcss-android-arm64': [ '1.30.2' ],
30 silly audit   'lightningcss-darwin-arm64': [ '1.30.2' ],
30 silly audit   'lightningcss-darwin-x64': [ '1.30.2' ],
30 silly audit   'lightningcss-freebsd-x64': [ '1.30.2' ],
30 silly audit   'lightningcss-linux-arm-gnueabihf': [ '1.30.2' ],
30 silly audit   'lightningcss-linux-arm64-gnu': [ '1.30.2' ],
30 silly audit   'lightningcss-linux-arm64-musl': [ '1.30.2' ],
30 silly audit   'lightningcss-linux-x64-gnu': [ '1.30.2' ],
30 silly audit   'lightningcss-linux-x64-musl': [ '1.30.2' ],
30 silly audit   'lightningcss-win32-arm64-msvc': [ '1.30.2' ],
30 silly audit   'lightningcss-win32-x64-msvc': [ '1.30.2' ],
30 silly audit   'locate-path': [ '6.0.0' ],
30 silly audit   'lodash.debounce': [ '4.0.8' ],
30 silly audit   'lodash.merge': [ '4.6.2' ],
30 silly audit   'loose-envify': [ '1.4.0' ],
30 silly audit   'lru-cache': [ '5.1.1', '6.0.0' ],
30 silly audit   'magic-string': [ '0.30.21' ],
30 silly audit   'math-intrinsics': [ '1.1.0' ],
30 silly audit   'memory-pager': [ '1.5.0' ],
30 silly audit   merge2: [ '1.4.1' ],
30 silly audit   micromatch: [ '4.0.8' ],
30 silly audit   'mime-db': [ '1.52.0' ],
30 silly audit   'mime-types': [ '2.1.35' ],
30 silly audit   minimist: [ '1.2.8' ],
30 silly audit   mongodb: [ '6.20.0' ],
30 silly audit   'mongodb-connection-string-url': [ '3.0.2' ],
30 silly audit   mongoose: [ '8.19.3' ],
30 silly audit   mpath: [ '0.9.0' ],
30 silly audit   mquery: [ '5.0.0' ],
30 silly audit   ms: [ '2.1.3' ],
30 silly audit   nanoid: [ '3.3.11' ],
30 silly audit   'napi-postinstall': [ '0.3.4' ],
30 silly audit   'natural-compare': [ '1.4.0' ],
30 silly audit   next: [ '16.0.1' ],
30 silly audit   'next-auth': [ '4.24.13' ],
30 silly audit   postcss: [ '8.4.31', '8.5.6' ],
30 silly audit   'node-addon-api': [ '8.5.0' ],
30 silly audit   'node-gyp-build': [ '4.8.4' ],
30 silly audit   'node-releases': [ '2.0.27' ],
30 silly audit   oauth: [ '0.9.15' ],
30 silly audit   'object-assign': [ '4.1.1' ],
30 silly audit   'object-hash': [ '2.2.0' ],
30 silly audit   'object-inspect': [ '1.13.4' ],
30 silly audit   'object-keys': [ '1.1.1' ],
30 silly audit   'object.assign': [ '4.1.7' ],
30 silly audit   'object.entries': [ '1.1.9' ],
30 silly audit   'object.fromentries': [ '2.0.8' ],
30 silly audit   'object.groupby': [ '1.0.3' ],
30 silly audit   'object.values': [ '1.2.1' ],
30 silly audit   'oidc-token-hash': [ '5.2.0' ],
30 silly audit   'openid-client': [ '5.7.1' ],
30 silly audit   yallist: [ '4.0.0', '3.1.1' ],
30 silly audit   optionator: [ '0.9.4' ],
30 silly audit   'own-keys': [ '1.0.1' ],
30 silly audit   'p-limit': [ '3.1.0' ],
30 silly audit   'p-locate': [ '5.0.0' ],
30 silly audit   'parent-module': [ '1.0.1' ],
30 silly audit   'path-exists': [ '4.0.0' ],
30 silly audit   'path-key': [ '3.1.1' ],
30 silly audit   'path-parse': [ '1.0.7' ],
30 silly audit   picocolors: [ '1.1.1' ],
30 silly audit   picomatch: [ '2.3.1', '4.0.3' ],
30 silly audit   'possible-typed-array-names': [ '1.1.0' ],
30 silly audit   preact: [ '10.27.2' ],
30 silly audit   'preact-render-to-string': [ '5.2.6' ],
30 silly audit   'prelude-ls': [ '1.2.1' ],
30 silly audit   'pretty-format': [ '3.8.0' ],
30 silly audit   'prop-types': [ '15.8.1' ],
30 silly audit   'proxy-from-env': [ '1.1.0' ],
30 silly audit   punycode: [ '2.3.1' ],
30 silly audit   'queue-microtask': [ '1.2.3' ],
30 silly audit   react: [ '19.2.0' ],
30 silly audit   'react-dom': [ '19.2.0' ],
30 silly audit   'react-icons': [ '5.5.0' ],
30 silly audit   'react-is': [ '16.13.1' ],
30 silly audit   'react-redux': [ '9.2.0' ],
30 silly audit   'react-slick': [ '0.31.0' ],
30 silly audit   redux: [ '5.0.1' ],
30 silly audit   'redux-thunk': [ '3.1.0' ],
30 silly audit   'reflect.getprototypeof': [ '1.0.10' ],
30 silly audit   'regexp.prototype.flags': [ '1.5.4' ],
30 silly audit   reselect: [ '5.1.1' ],
30 silly audit   'resize-observer-polyfill': [ '1.5.1' ],
30 silly audit   'resolve-from': [ '4.0.0' ],
30 silly audit   'resolve-pkg-maps': [ '1.0.0' ],
30 silly audit   reusify: [ '1.1.0' ],
30 silly audit   'run-parallel': [ '1.2.0' ],
30 silly audit   'safe-array-concat': [ '1.1.3' ],
30 silly audit   'safe-push-apply': [ '1.0.0' ],
30 silly audit   'safe-regex-test': [ '1.1.0' ],
30 silly audit   scheduler: [ '0.27.0' ],
30 silly audit   'set-function-length': [ '1.2.2' ],
30 silly audit   'set-function-name': [ '2.0.2' ],
30 silly audit   'set-proto': [ '1.0.0' ],
30 silly audit   sharp: [ '0.34.5' ],
30 silly audit   'shebang-command': [ '2.0.0' ],
30 silly audit   'shebang-regex': [ '3.0.0' ],
30 silly audit   'side-channel': [ '1.1.0' ],
30 silly audit   'side-channel-list': [ '1.0.0' ],
30 silly audit   'side-channel-map': [ '1.0.1' ],
30 silly audit   'side-channel-weakmap': [ '1.0.2' ],
30 silly audit   sift: [ '17.1.3' ],
30 silly audit   'slick-carousel': [ '1.8.1' ],
30 silly audit   'source-map-js': [ '1.2.1' ],
30 silly audit   'sparse-bitfield': [ '3.0.3' ],
30 silly audit   'stable-hash': [ '0.0.5' ],
30 silly audit   'stop-iteration-iterator': [ '1.1.0' ],
30 silly audit   'string-convert': [ '0.2.1' ],
30 silly audit   'string.prototype.includes': [ '2.0.1' ],
30 silly audit   'string.prototype.matchall': [ '4.0.12' ],
30 silly audit   'string.prototype.repeat': [ '1.0.0' ],
30 silly audit   'string.prototype.trim': [ '1.2.10' ],
30 silly audit   'string.prototype.trimend': [ '1.0.9' ],
30 silly audit   'string.prototype.trimstart': [ '1.0.8' ],
30 silly audit   'strip-bom': [ '3.0.0' ],
30 silly audit   'strip-json-comments': [ '3.1.1' ],
30 silly audit   'styled-jsx': [ '5.1.6' ],
30 silly audit   'supports-color': [ '7.2.0' ],
30 silly audit   'supports-preserve-symlinks-flag': [ '1.0.0' ],
30 silly audit   tailwindcss: [ '4.1.17' ],
30 silly audit   tapable: [ '2.3.0' ],
30 silly audit   tinyglobby: [ '0.2.15' ],
30 silly audit   fdir: [ '6.5.0' ],
30 silly audit   'to-regex-range': [ '5.0.1' ],
30 silly audit   tr46: [ '5.1.1' ],
30 silly audit   'ts-api-utils': [ '2.1.0' ],
30 silly audit   'tsconfig-paths': [ '3.15.0' ],
30 silly audit   tslib: [ '2.8.1' ],
30 silly audit   'type-check': [ '0.4.0' ],
30 silly audit   'typed-array-buffer': [ '1.0.3' ],
30 silly audit   'typed-array-byte-length': [ '1.0.3' ],
30 silly audit   'typed-array-byte-offset': [ '1.0.4' ],
30 silly audit   'typed-array-length': [ '1.0.7' ],
30 silly audit   typescript: [ '5.9.3' ],
30 silly audit   'typescript-eslint': [ '8.46.3' ],
30 silly audit   'unbox-primitive': [ '1.1.0' ],
30 silly audit   'unrs-resolver': [ '1.11.1' ],
30 silly audit   'update-browserslist-db': [ '1.1.4' ],
30 silly audit   'uri-js': [ '4.4.1' ],
30 silly audit   'use-sync-external-store': [ '1.6.0' ],
30 silly audit   uuid: [ '8.3.2' ],
30 silly audit   'webidl-conversions': [ '7.0.0' ],
30 silly audit   'whatwg-url': [ '14.2.0' ],
30 silly audit   which: [ '2.0.2' ],
30 silly audit   'which-boxed-primitive': [ '1.1.1' ],
30 silly audit   'which-builtin-type': [ '1.2.1' ],
30 silly audit   'which-collection': [ '1.0.2' ],
30 silly audit   'which-typed-array': [ '1.1.19' ],
30 silly audit   'word-wrap': [ '1.2.5' ],
30 silly audit   'yocto-queue': [ '0.1.0' ],
30 silly audit   zod: [ '4.1.12' ],
30 silly audit   'zod-validation-error': [ '4.0.2' ],
30 silly audit   'react-hot-toast': [ '2.6.0' ],
30 silly audit   '@tailwindcss/oxide-wasm32-wasi': [ '4.1.17' ]
30 silly audit }
31 verbose reify failed optional dependency C:\project\badbuz\GuaranteedSportPicks\node_modules\lightningcss-win32-arm64-msvc
32 silly reify mark deleted [
32 silly reify   'C:\\project\\badbuz\\GuaranteedSportPicks\\node_modules\\lightningcss-win32-arm64-msvc'
32 silly reify ]
33 verbose reify failed optional dependency C:\project\badbuz\GuaranteedSportPicks\node_modules\lightningcss-linux-x64-musl
34 silly reify mark deleted [
34 silly reify   'C:\\project\\badbuz\\GuaranteedSportPicks\\node_modules\\lightningcss-linux-x64-musl'
34 silly reify ]
35 verbose reify failed optional dependency C:\project\badbuz\GuaranteedSportPicks\node_modules\lightningcss-linux-x64-gnu
36 silly reify mark deleted [
36 silly reify   'C:\\project\\badbuz\\GuaranteedSportPicks\\node_modules\\lightningcss-linux-x64-gnu'
36 silly reify ]
37 verbose reify failed optional dependency C:\project\badbuz\GuaranteedSportPicks\node_modules\lightningcss-linux-arm64-musl
38 silly reify mark deleted [
38 silly reify   'C:\\project\\badbuz\\GuaranteedSportPicks\\node_modules\\lightningcss-linux-arm64-musl'
38 silly reify ]
39 verbose reify failed optional dependency C:\project\badbuz\GuaranteedSportPicks\node_modules\lightningcss-linux-arm64-gnu
40 silly reify mark deleted [
40 silly reify   'C:\\project\\badbuz\\GuaranteedSportPicks\\node_modules\\lightningcss-linux-arm64-gnu'
40 silly reify ]
41 verbose reify failed optional dependency C:\project\badbuz\GuaranteedSportPicks\node_modules\lightningcss-linux-arm-gnueabihf
42 silly reify mark deleted [
42 silly reify   'C:\\project\\badbuz\\GuaranteedSportPicks\\node_modules\\lightningcss-linux-arm-gnueabihf'
42 silly reify ]
43 verbose reify failed optional dependency C:\project\badbuz\GuaranteedSportPicks\node_modules\lightningcss-freebsd-x64
44 silly reify mark deleted [
44 silly reify   'C:\\project\\badbuz\\GuaranteedSportPicks\\node_modules\\lightningcss-freebsd-x64'
44 silly reify ]
45 verbose reify failed optional dependency C:\project\badbuz\GuaranteedSportPicks\node_modules\lightningcss-darwin-x64
46 silly reify mark deleted [
46 silly reify   'C:\\project\\badbuz\\GuaranteedSportPicks\\node_modules\\lightningcss-darwin-x64'
46 silly reify ]
47 verbose reify failed optional dependency C:\project\badbuz\GuaranteedSportPicks\node_modules\lightningcss-darwin-arm64
48 silly reify mark deleted [
48 silly reify   'C:\\project\\badbuz\\GuaranteedSportPicks\\node_modules\\lightningcss-darwin-arm64'
48 silly reify ]
49 verbose reify failed optional dependency C:\project\badbuz\GuaranteedSportPicks\node_modules\lightningcss-android-arm64
50 silly reify mark deleted [
50 silly reify   'C:\\project\\badbuz\\GuaranteedSportPicks\\node_modules\\lightningcss-android-arm64'
50 silly reify ]
51 verbose reify failed optional dependency C:\project\badbuz\GuaranteedSportPicks\node_modules\@unrs\resolver-binding-win32-ia32-msvc
52 silly reify mark deleted [
52 silly reify   'C:\\project\\badbuz\\GuaranteedSportPicks\\node_modules\\@unrs\\resolver-binding-win32-ia32-msvc'
52 silly reify ]
53 verbose reify failed optional dependency C:\project\badbuz\GuaranteedSportPicks\node_modules\@unrs\resolver-binding-win32-arm64-msvc
54 silly reify mark deleted [
54 silly reify   'C:\\project\\badbuz\\GuaranteedSportPicks\\node_modules\\@unrs\\resolver-binding-win32-arm64-msvc'
54 silly reify ]
55 verbose reify failed optional dependency C:\project\badbuz\GuaranteedSportPicks\node_modules\@unrs\resolver-binding-wasm32-wasi
56 silly reify mark deleted [
56 silly reify   'C:\\project\\badbuz\\GuaranteedSportPicks\\node_modules\\@unrs\\resolver-binding-wasm32-wasi'
56 silly reify ]
57 verbose reify failed optional dependency C:\project\badbuz\GuaranteedSportPicks\node_modules\@unrs\resolver-binding-linux-x64-musl
58 silly reify mark deleted [
58 silly reify   'C:\\project\\badbuz\\GuaranteedSportPicks\\node_modules\\@unrs\\resolver-binding-linux-x64-musl'
58 silly reify ]
59 verbose reify failed optional dependency C:\project\badbuz\GuaranteedSportPicks\node_modules\@unrs\resolver-binding-linux-x64-gnu
60 silly reify mark deleted [
60 silly reify   'C:\\project\\badbuz\\GuaranteedSportPicks\\node_modules\\@unrs\\resolver-binding-linux-x64-gnu'
60 silly reify ]
61 verbose reify failed optional dependency C:\project\badbuz\GuaranteedSportPicks\node_modules\@unrs\resolver-binding-linux-s390x-gnu
62 silly reify mark deleted [
62 silly reify   'C:\\project\\badbuz\\GuaranteedSportPicks\\node_modules\\@unrs\\resolver-binding-linux-s390x-gnu'
62 silly reify ]
63 verbose reify failed optional dependency C:\project\badbuz\GuaranteedSportPicks\node_modules\@unrs\resolver-binding-linux-riscv64-musl
64 silly reify mark deleted [
64 silly reify   'C:\\project\\badbuz\\GuaranteedSportPicks\\node_modules\\@unrs\\resolver-binding-linux-riscv64-musl'
64 silly reify ]
65 verbose reify failed optional dependency C:\project\badbuz\GuaranteedSportPicks\node_modules\@unrs\resolver-binding-linux-riscv64-gnu
66 silly reify mark deleted [
66 silly reify   'C:\\project\\badbuz\\GuaranteedSportPicks\\node_modules\\@unrs\\resolver-binding-linux-riscv64-gnu'
66 silly reify ]
67 verbose reify failed optional dependency C:\project\badbuz\GuaranteedSportPicks\node_modules\@unrs\resolver-binding-linux-ppc64-gnu
68 silly reify mark deleted [
68 silly reify   'C:\\project\\badbuz\\GuaranteedSportPicks\\node_modules\\@unrs\\resolver-binding-linux-ppc64-gnu'
68 silly reify ]
69 verbose reify failed optional dependency C:\project\badbuz\GuaranteedSportPicks\node_modules\@unrs\resolver-binding-linux-arm64-musl
70 silly reify mark deleted [
70 silly reify   'C:\\project\\badbuz\\GuaranteedSportPicks\\node_modules\\@unrs\\resolver-binding-linux-arm64-musl'
70 silly reify ]
71 verbose reify failed optional dependency C:\project\badbuz\GuaranteedSportPicks\node_modules\@unrs\resolver-binding-linux-arm64-gnu
72 silly reify mark deleted [
72 silly reify   'C:\\project\\badbuz\\GuaranteedSportPicks\\node_modules\\@unrs\\resolver-binding-linux-arm64-gnu'
72 silly reify ]
73 verbose reify failed optional dependency C:\project\badbuz\GuaranteedSportPicks\node_modules\@unrs\resolver-binding-linux-arm-musleabihf
74 silly reify mark deleted [
74 silly reify   'C:\\project\\badbuz\\GuaranteedSportPicks\\node_modules\\@unrs\\resolver-binding-linux-arm-musleabihf'
74 silly reify ]
75 verbose reify failed optional dependency C:\project\badbuz\GuaranteedSportPicks\node_modules\@unrs\resolver-binding-linux-arm-gnueabihf
76 silly reify mark deleted [
76 silly reify   'C:\\project\\badbuz\\GuaranteedSportPicks\\node_modules\\@unrs\\resolver-binding-linux-arm-gnueabihf'
76 silly reify ]
77 verbose reify failed optional dependency C:\project\badbuz\GuaranteedSportPicks\node_modules\@unrs\resolver-binding-freebsd-x64
78 silly reify mark deleted [
78 silly reify   'C:\\project\\badbuz\\GuaranteedSportPicks\\node_modules\\@unrs\\resolver-binding-freebsd-x64'
78 silly reify ]
79 verbose reify failed optional dependency C:\project\badbuz\GuaranteedSportPicks\node_modules\@unrs\resolver-binding-darwin-x64
80 silly reify mark deleted [
80 silly reify   'C:\\project\\badbuz\\GuaranteedSportPicks\\node_modules\\@unrs\\resolver-binding-darwin-x64'
80 silly reify ]
81 verbose reify failed optional dependency C:\project\badbuz\GuaranteedSportPicks\node_modules\@unrs\resolver-binding-darwin-arm64
82 silly reify mark deleted [
82 silly reify   'C:\\project\\badbuz\\GuaranteedSportPicks\\node_modules\\@unrs\\resolver-binding-darwin-arm64'
82 silly reify ]
83 verbose reify failed optional dependency C:\project\badbuz\GuaranteedSportPicks\node_modules\@unrs\resolver-binding-android-arm64
84 silly reify mark deleted [
84 silly reify   'C:\\project\\badbuz\\GuaranteedSportPicks\\node_modules\\@unrs\\resolver-binding-android-arm64'
84 silly reify ]
85 verbose reify failed optional dependency C:\project\badbuz\GuaranteedSportPicks\node_modules\@unrs\resolver-binding-android-arm-eabi
86 silly reify mark deleted [
86 silly reify   'C:\\project\\badbuz\\GuaranteedSportPicks\\node_modules\\@unrs\\resolver-binding-android-arm-eabi'
86 silly reify ]
87 verbose reify failed optional dependency C:\project\badbuz\GuaranteedSportPicks\node_modules\@tailwindcss\oxide-win32-arm64-msvc
88 silly reify mark deleted [
88 silly reify   'C:\\project\\badbuz\\GuaranteedSportPicks\\node_modules\\@tailwindcss\\oxide-win32-arm64-msvc'
88 silly reify ]
89 verbose reify failed optional dependency C:\project\badbuz\GuaranteedSportPicks\node_modules\@tailwindcss\oxide-linux-x64-musl
90 silly reify mark deleted [
90 silly reify   'C:\\project\\badbuz\\GuaranteedSportPicks\\node_modules\\@tailwindcss\\oxide-linux-x64-musl'
90 silly reify ]
91 verbose reify failed optional dependency C:\project\badbuz\GuaranteedSportPicks\node_modules\@tailwindcss\oxide-linux-x64-gnu
92 silly reify mark deleted [
92 silly reify   'C:\\project\\badbuz\\GuaranteedSportPicks\\node_modules\\@tailwindcss\\oxide-linux-x64-gnu'
92 silly reify ]
93 verbose reify failed optional dependency C:\project\badbuz\GuaranteedSportPicks\node_modules\@tailwindcss\oxide-linux-arm64-musl
94 silly reify mark deleted [
94 silly reify   'C:\\project\\badbuz\\GuaranteedSportPicks\\node_modules\\@tailwindcss\\oxide-linux-arm64-musl'
94 silly reify ]
95 verbose reify failed optional dependency C:\project\badbuz\GuaranteedSportPicks\node_modules\@tailwindcss\oxide-linux-arm64-gnu
96 silly reify mark deleted [
96 silly reify   'C:\\project\\badbuz\\GuaranteedSportPicks\\node_modules\\@tailwindcss\\oxide-linux-arm64-gnu'
96 silly reify ]
97 verbose reify failed optional dependency C:\project\badbuz\GuaranteedSportPicks\node_modules\@tailwindcss\oxide-linux-arm-gnueabihf
98 silly reify mark deleted [
98 silly reify   'C:\\project\\badbuz\\GuaranteedSportPicks\\node_modules\\@tailwindcss\\oxide-linux-arm-gnueabihf'
98 silly reify ]
99 verbose reify failed optional dependency C:\project\badbuz\GuaranteedSportPicks\node_modules\@tailwindcss\oxide-freebsd-x64
100 silly reify mark deleted [
100 silly reify   'C:\\project\\badbuz\\GuaranteedSportPicks\\node_modules\\@tailwindcss\\oxide-freebsd-x64'
100 silly reify ]
101 verbose reify failed optional dependency C:\project\badbuz\GuaranteedSportPicks\node_modules\@tailwindcss\oxide-darwin-x64
102 silly reify mark deleted [
102 silly reify   'C:\\project\\badbuz\\GuaranteedSportPicks\\node_modules\\@tailwindcss\\oxide-darwin-x64'
102 silly reify ]
103 verbose reify failed optional dependency C:\project\badbuz\GuaranteedSportPicks\node_modules\@tailwindcss\oxide-darwin-arm64
104 silly reify mark deleted [
104 silly reify   'C:\\project\\badbuz\\GuaranteedSportPicks\\node_modules\\@tailwindcss\\oxide-darwin-arm64'
104 silly reify ]
105 verbose reify failed optional dependency C:\project\badbuz\GuaranteedSportPicks\node_modules\@tailwindcss\oxide-android-arm64
106 silly reify mark deleted [
106 silly reify   'C:\\project\\badbuz\\GuaranteedSportPicks\\node_modules\\@tailwindcss\\oxide-android-arm64'
106 silly reify ]
107 verbose reify failed optional dependency C:\project\badbuz\GuaranteedSportPicks\node_modules\@next\swc-win32-arm64-msvc
108 silly reify mark deleted [
108 silly reify   'C:\\project\\badbuz\\GuaranteedSportPicks\\node_modules\\@next\\swc-win32-arm64-msvc'
108 silly reify ]
109 verbose reify failed optional dependency C:\project\badbuz\GuaranteedSportPicks\node_modules\@next\swc-linux-x64-musl
110 silly reify mark deleted [
110 silly reify   'C:\\project\\badbuz\\GuaranteedSportPicks\\node_modules\\@next\\swc-linux-x64-musl'
110 silly reify ]
111 verbose reify failed optional dependency C:\project\badbuz\GuaranteedSportPicks\node_modules\@next\swc-linux-x64-gnu
112 silly reify mark deleted [
112 silly reify   'C:\\project\\badbuz\\GuaranteedSportPicks\\node_modules\\@next\\swc-linux-x64-gnu'
112 silly reify ]
113 verbose reify failed optional dependency C:\project\badbuz\GuaranteedSportPicks\node_modules\@next\swc-linux-arm64-musl
114 silly reify mark deleted [
114 silly reify   'C:\\project\\badbuz\\GuaranteedSportPicks\\node_modules\\@next\\swc-linux-arm64-musl'
114 silly reify ]
115 verbose reify failed optional dependency C:\project\badbuz\GuaranteedSportPicks\node_modules\@next\swc-linux-arm64-gnu
116 silly reify mark deleted [
116 silly reify   'C:\\project\\badbuz\\GuaranteedSportPicks\\node_modules\\@next\\swc-linux-arm64-gnu'
116 silly reify ]
117 verbose reify failed optional dependency C:\project\badbuz\GuaranteedSportPicks\node_modules\@next\swc-darwin-x64
118 silly reify mark deleted [
118 silly reify   'C:\\project\\badbuz\\GuaranteedSportPicks\\node_modules\\@next\\swc-darwin-x64'
118 silly reify ]
119 verbose reify failed optional dependency C:\project\badbuz\GuaranteedSportPicks\node_modules\@next\swc-darwin-arm64
120 silly reify mark deleted [
120 silly reify   'C:\\project\\badbuz\\GuaranteedSportPicks\\node_modules\\@next\\swc-darwin-arm64'
120 silly reify ]
121 verbose reify failed optional dependency C:\project\badbuz\GuaranteedSportPicks\node_modules\@img\sharp-win32-ia32
122 silly reify mark deleted [
122 silly reify   'C:\\project\\badbuz\\GuaranteedSportPicks\\node_modules\\@img\\sharp-win32-ia32'
122 silly reify ]
123 verbose reify failed optional dependency C:\project\badbuz\GuaranteedSportPicks\node_modules\@img\sharp-win32-arm64
124 silly reify mark deleted [
124 silly reify   'C:\\project\\badbuz\\GuaranteedSportPicks\\node_modules\\@img\\sharp-win32-arm64'
124 silly reify ]
125 verbose reify failed optional dependency C:\project\badbuz\GuaranteedSportPicks\node_modules\@img\sharp-wasm32
126 silly reify mark deleted [
126 silly reify   'C:\\project\\badbuz\\GuaranteedSportPicks\\node_modules\\@img\\sharp-wasm32'
126 silly reify ]
127 verbose reify failed optional dependency C:\project\badbuz\GuaranteedSportPicks\node_modules\@img\sharp-linuxmusl-x64
128 silly reify mark deleted [
128 silly reify   'C:\\project\\badbuz\\GuaranteedSportPicks\\node_modules\\@img\\sharp-linuxmusl-x64'
128 silly reify ]
129 verbose reify failed optional dependency C:\project\badbuz\GuaranteedSportPicks\node_modules\@img\sharp-linuxmusl-arm64
130 silly reify mark deleted [
130 silly reify   'C:\\project\\badbuz\\GuaranteedSportPicks\\node_modules\\@img\\sharp-linuxmusl-arm64'
130 silly reify ]
131 verbose reify failed optional dependency C:\project\badbuz\GuaranteedSportPicks\node_modules\@img\sharp-linux-x64
132 silly reify mark deleted [
132 silly reify   'C:\\project\\badbuz\\GuaranteedSportPicks\\node_modules\\@img\\sharp-linux-x64'
132 silly reify ]
133 verbose reify failed optional dependency C:\project\badbuz\GuaranteedSportPicks\node_modules\@img\sharp-linux-s390x
134 silly reify mark deleted [
134 silly reify   'C:\\project\\badbuz\\GuaranteedSportPicks\\node_modules\\@img\\sharp-linux-s390x'
134 silly reify ]
135 verbose reify failed optional dependency C:\project\badbuz\GuaranteedSportPicks\node_modules\@img\sharp-linux-riscv64
136 silly reify mark deleted [
136 silly reify   'C:\\project\\badbuz\\GuaranteedSportPicks\\node_modules\\@img\\sharp-linux-riscv64'
136 silly reify ]
137 verbose reify failed optional dependency C:\project\badbuz\GuaranteedSportPicks\node_modules\@img\sharp-linux-ppc64
138 silly reify mark deleted [
138 silly reify   'C:\\project\\badbuz\\GuaranteedSportPicks\\node_modules\\@img\\sharp-linux-ppc64'
138 silly reify ]
139 verbose reify failed optional dependency C:\project\badbuz\GuaranteedSportPicks\node_modules\@img\sharp-linux-arm64
140 silly reify mark deleted [
140 silly reify   'C:\\project\\badbuz\\GuaranteedSportPicks\\node_modules\\@img\\sharp-linux-arm64'
140 silly reify ]
141 verbose reify failed optional dependency C:\project\badbuz\GuaranteedSportPicks\node_modules\@img\sharp-linux-arm
142 silly reify mark deleted [
142 silly reify   'C:\\project\\badbuz\\GuaranteedSportPicks\\node_modules\\@img\\sharp-linux-arm'
142 silly reify ]
143 verbose reify failed optional dependency C:\project\badbuz\GuaranteedSportPicks\node_modules\@img\sharp-libvips-linuxmusl-x64
144 silly reify mark deleted [
144 silly reify   'C:\\project\\badbuz\\GuaranteedSportPicks\\node_modules\\@img\\sharp-libvips-linuxmusl-x64'
144 silly reify ]
145 verbose reify failed optional dependency C:\project\badbuz\GuaranteedSportPicks\node_modules\@img\sharp-libvips-linuxmusl-arm64
146 silly reify mark deleted [
146 silly reify   'C:\\project\\badbuz\\GuaranteedSportPicks\\node_modules\\@img\\sharp-libvips-linuxmusl-arm64'
146 silly reify ]
147 verbose reify failed optional dependency C:\project\badbuz\GuaranteedSportPicks\node_modules\@img\sharp-libvips-linux-x64
148 silly reify mark deleted [
148 silly reify   'C:\\project\\badbuz\\GuaranteedSportPicks\\node_modules\\@img\\sharp-libvips-linux-x64'
148 silly reify ]
149 verbose reify failed optional dependency C:\project\badbuz\GuaranteedSportPicks\node_modules\@img\sharp-libvips-linux-s390x
150 silly reify mark deleted [
150 silly reify   'C:\\project\\badbuz\\GuaranteedSportPicks\\node_modules\\@img\\sharp-libvips-linux-s390x'
150 silly reify ]
151 verbose reify failed optional dependency C:\project\badbuz\GuaranteedSportPicks\node_modules\@img\sharp-libvips-linux-riscv64
152 silly reify mark deleted [
152 silly reify   'C:\\project\\badbuz\\GuaranteedSportPicks\\node_modules\\@img\\sharp-libvips-linux-riscv64'
152 silly reify ]
153 verbose reify failed optional dependency C:\project\badbuz\GuaranteedSportPicks\node_modules\@img\sharp-libvips-linux-ppc64
154 silly reify mark deleted [
154 silly reify   'C:\\project\\badbuz\\GuaranteedSportPicks\\node_modules\\@img\\sharp-libvips-linux-ppc64'
154 silly reify ]
155 verbose reify failed optional dependency C:\project\badbuz\GuaranteedSportPicks\node_modules\@img\sharp-libvips-linux-arm64
156 silly reify mark deleted [
156 silly reify   'C:\\project\\badbuz\\GuaranteedSportPicks\\node_modules\\@img\\sharp-libvips-linux-arm64'
156 silly reify ]
157 verbose reify failed optional dependency C:\project\badbuz\GuaranteedSportPicks\node_modules\@img\sharp-libvips-linux-arm
158 silly reify mark deleted [
158 silly reify   'C:\\project\\badbuz\\GuaranteedSportPicks\\node_modules\\@img\\sharp-libvips-linux-arm'
158 silly reify ]
159 verbose reify failed optional dependency C:\project\badbuz\GuaranteedSportPicks\node_modules\@img\sharp-libvips-darwin-x64
160 silly reify mark deleted [
160 silly reify   'C:\\project\\badbuz\\GuaranteedSportPicks\\node_modules\\@img\\sharp-libvips-darwin-x64'
160 silly reify ]
161 verbose reify failed optional dependency C:\project\badbuz\GuaranteedSportPicks\node_modules\@img\sharp-libvips-darwin-arm64
162 silly reify mark deleted [
162 silly reify   'C:\\project\\badbuz\\GuaranteedSportPicks\\node_modules\\@img\\sharp-libvips-darwin-arm64'
162 silly reify ]
163 verbose reify failed optional dependency C:\project\badbuz\GuaranteedSportPicks\node_modules\@img\sharp-darwin-x64
164 silly reify mark deleted [
164 silly reify   'C:\\project\\badbuz\\GuaranteedSportPicks\\node_modules\\@img\\sharp-darwin-x64'
164 silly reify ]
165 verbose reify failed optional dependency C:\project\badbuz\GuaranteedSportPicks\node_modules\@img\sharp-darwin-arm64
166 silly reify mark deleted [
166 silly reify   'C:\\project\\badbuz\\GuaranteedSportPicks\\node_modules\\@img\\sharp-darwin-arm64'
166 silly reify ]
167 http fetch POST 200 https://registry.npmjs.org/-/npm/v1/security/advisories/bulk 315ms
168 silly audit report {
168 silly audit report   'js-yaml': [
168 silly audit report     {
168 silly audit report       id: 1109754,
168 silly audit report       url: 'https://github.com/advisories/GHSA-mh29-5h37-fv8m',
168 silly audit report       title: 'js-yaml has prototype pollution in merge (<<)',
168 silly audit report       severity: 'moderate',
168 silly audit report       vulnerable_versions: '<4.1.1',
168 silly audit report       cwe: [Array],
168 silly audit report       cvss: [Object]
168 silly audit report     }
168 silly audit report   ]
168 silly audit report }
169 silly packumentCache corgi:https://registry.npmjs.org/js-yaml cache-miss
170 http cache https://registry.npmjs.org/js-yaml 8ms (cache hit)
171 silly packumentCache corgi:https://registry.npmjs.org/js-yaml set size:58533 disposed:false
172 silly packumentCache corgi:https://registry.npmjs.org/@eslint%2feslintrc cache-miss
173 http cache https://registry.npmjs.org/@eslint%2feslintrc 4ms (cache hit)
174 silly packumentCache corgi:https://registry.npmjs.org/@eslint%2feslintrc set size:79527 disposed:false
175 silly ADD
176 silly ADD
177 silly ADD
178 silly ADD
179 silly ADD
180 silly ADD
181 silly ADD
182 silly ADD
183 silly ADD
184 silly ADD
185 silly ADD
186 silly ADD
187 silly ADD
188 silly ADD
189 silly ADD
190 silly ADD
191 silly ADD
192 silly ADD
193 silly ADD
194 silly ADD
195 silly ADD
196 silly ADD
197 silly ADD
198 silly ADD
199 silly ADD
200 silly ADD
201 silly ADD
202 silly ADD
203 silly ADD
204 silly ADD
205 silly ADD
206 silly ADD
207 silly ADD
208 silly ADD
209 silly ADD
210 silly ADD
211 silly ADD
212 silly ADD
213 silly ADD
214 silly ADD
215 silly ADD
216 silly ADD
217 silly ADD
218 silly ADD
219 silly ADD
220 silly ADD
221 silly ADD
222 silly ADD
223 silly ADD
224 silly ADD
225 silly ADD
226 silly ADD
227 silly ADD
228 silly ADD
229 silly ADD
230 silly ADD
231 silly ADD
232 silly ADD
233 silly ADD
234 silly ADD
235 silly ADD
236 silly ADD
237 silly ADD
238 silly ADD
239 silly ADD
240 silly ADD
241 silly ADD
242 silly ADD
243 silly ADD
244 verbose cwd C:\project\badbuz\GuaranteedSportPicks
245 verbose os Windows_NT 10.0.26100
246 verbose node v22.15.1
247 verbose npm  v10.9.2
248 verbose exit 0
249 info ok
