0 verbose cli C:\Program Files\nodejs\node.exe C:\Program Files\nodejs\node_modules\npm\bin\npm-cli.js
1 info using npm@10.9.2
2 info using node@v22.15.1
3 silly config load:file:C:\Program Files\nodejs\node_modules\npm\npmrc
4 silly config load:file:C:\project\badbuz\GuaranteedSportPicks\.npmrc
5 silly config load:file:C:\Users\rakib\.npmrc
6 silly config load:file:C:\Users\rakib\npm-global\etc\npmrc
7 verbose title npm i nodemailer
8 verbose argv "i" "nodemailer"
9 verbose logfile logs-max:10 dir:C:\project\badbuz\GuaranteedSportPicks\UsersmynameAppDataRoamingnpm-cache\_logs\2025-11-18T03_09_08_998Z-
10 verbose logfile C:\project\badbuz\GuaranteedSportPicks\UsersmynameAppDataRoamingnpm-cache\_logs\2025-11-18T03_09_08_998Z-debug-0.log
11 silly logfile start cleaning logs, removing 1 files
12 silly packumentCache heap:4345298944 maxSize:1086324736 maxEntrySize:543162368
13 silly logfile done cleaning log files
14 silly idealTree buildDeps
15 silly fetch manifest nodemailer@*
16 silly packumentCache full:https://registry.npmjs.org/nodemailer cache-miss
17 http fetch GET 200 https://registry.npmjs.org/nodemailer 289ms (cache revalidated)
18 silly packumentCache full:https://registry.npmjs.org/nodemailer set size:551189 disposed:false
19 silly placeDep ROOT nodemailer@7.0.10 OK for: my-app@0.1.0 want: *
20 silly reify moves {}
21 verbose reify failed optional dependency C:\project\badbuz\GuaranteedSportPicks\node_modules\@tailwindcss\oxide-wasm32-wasi
22 silly reify mark deleted [
22 silly reify   'C:\\project\\badbuz\\GuaranteedSportPicks\\node_modules\\@tailwindcss\\oxide-wasm32-wasi'
22 silly reify ]
23 silly audit bulk request {
23 silly audit   '@alloc/quick-lru': [ '5.2.0' ],
23 silly audit   '@babel/code-frame': [ '7.27.1' ],
23 silly audit   '@babel/compat-data': [ '7.28.5' ],
23 silly audit   '@babel/core': [ '7.28.5' ],
23 silly audit   '@babel/generator': [ '7.28.5' ],
23 silly audit   '@babel/helper-compilation-targets': [ '7.27.2' ],
23 silly audit   '@babel/helper-globals': [ '7.28.0' ],
23 silly audit   '@babel/helper-module-imports': [ '7.27.1' ],
23 silly audit   '@babel/helper-module-transforms': [ '7.28.3' ],
23 silly audit   '@babel/helper-string-parser': [ '7.27.1' ],
23 silly audit   '@babel/helper-validator-identifier': [ '7.28.5' ],
23 silly audit   '@babel/helper-validator-option': [ '7.27.1' ],
23 silly audit   '@babel/helpers': [ '7.28.4' ],
23 silly audit   '@babel/parser': [ '7.28.5' ],
23 silly audit   '@babel/runtime': [ '7.28.4' ],
23 silly audit   '@babel/template': [ '7.27.2' ],
23 silly audit   '@babel/traverse': [ '7.28.5' ],
23 silly audit   '@babel/types': [ '7.28.5' ],
23 silly audit   '@emnapi/core': [ '1.7.0' ],
23 silly audit   '@emnapi/runtime': [ '1.7.0' ],
23 silly audit   '@emnapi/wasi-threads': [ '1.1.0' ],
23 silly audit   '@eslint-community/eslint-utils': [ '4.9.0' ],
23 silly audit   'eslint-visitor-keys': [ '3.4.3', '4.2.1' ],
23 silly audit   '@eslint-community/regexpp': [ '4.12.2' ],
23 silly audit   '@eslint/config-array': [ '0.21.1' ],
23 silly audit   '@eslint/config-helpers': [ '0.4.2' ],
23 silly audit   '@eslint/core': [ '0.17.0' ],
23 silly audit   '@eslint/eslintrc': [ '3.3.1' ],
23 silly audit   '@eslint/js': [ '9.39.1' ],
23 silly audit   '@eslint/object-schema': [ '2.1.7' ],
23 silly audit   '@eslint/plugin-kit': [ '0.4.1' ],
23 silly audit   '@humanfs/core': [ '0.19.1' ],
23 silly audit   '@humanfs/node': [ '0.16.7' ],
23 silly audit   '@humanwhocodes/module-importer': [ '1.0.1' ],
23 silly audit   '@humanwhocodes/retry': [ '0.4.3' ],
23 silly audit   '@img/colour': [ '1.0.0' ],
23 silly audit   '@img/sharp-darwin-arm64': [ '0.34.5' ],
23 silly audit   '@img/sharp-darwin-x64': [ '0.34.5' ],
23 silly audit   '@img/sharp-libvips-darwin-arm64': [ '1.2.4' ],
23 silly audit   '@img/sharp-libvips-darwin-x64': [ '1.2.4' ],
23 silly audit   '@img/sharp-libvips-linux-arm': [ '1.2.4' ],
23 silly audit   '@img/sharp-libvips-linux-arm64': [ '1.2.4' ],
23 silly audit   '@img/sharp-libvips-linux-ppc64': [ '1.2.4' ],
23 silly audit   '@img/sharp-libvips-linux-riscv64': [ '1.2.4' ],
23 silly audit   '@img/sharp-libvips-linux-s390x': [ '1.2.4' ],
23 silly audit   '@img/sharp-libvips-linux-x64': [ '1.2.4' ],
23 silly audit   '@img/sharp-libvips-linuxmusl-arm64': [ '1.2.4' ],
23 silly audit   '@img/sharp-libvips-linuxmusl-x64': [ '1.2.4' ],
23 silly audit   '@img/sharp-linux-arm': [ '0.34.5' ],
23 silly audit   '@img/sharp-linux-arm64': [ '0.34.5' ],
23 silly audit   '@img/sharp-linux-ppc64': [ '0.34.5' ],
23 silly audit   '@img/sharp-linux-riscv64': [ '0.34.5' ],
23 silly audit   '@img/sharp-linux-s390x': [ '0.34.5' ],
23 silly audit   '@img/sharp-linux-x64': [ '0.34.5' ],
23 silly audit   '@img/sharp-linuxmusl-arm64': [ '0.34.5' ],
23 silly audit   '@img/sharp-linuxmusl-x64': [ '0.34.5' ],
23 silly audit   '@img/sharp-wasm32': [ '0.34.5' ],
23 silly audit   '@img/sharp-win32-arm64': [ '0.34.5' ],
23 silly audit   '@img/sharp-win32-ia32': [ '0.34.5' ],
23 silly audit   '@img/sharp-win32-x64': [ '0.34.5' ],
23 silly audit   '@jridgewell/gen-mapping': [ '0.3.13' ],
23 silly audit   '@jridgewell/remapping': [ '2.3.5' ],
23 silly audit   '@jridgewell/resolve-uri': [ '3.1.2' ],
23 silly audit   '@jridgewell/sourcemap-codec': [ '1.5.5' ],
23 silly audit   '@jridgewell/trace-mapping': [ '0.3.31' ],
23 silly audit   '@mongodb-js/saslprep': [ '1.3.2' ],
23 silly audit   '@napi-rs/wasm-runtime': [ '0.2.12' ],
23 silly audit   '@next/env': [ '16.0.1' ],
23 silly audit   '@next/eslint-plugin-next': [ '16.0.1' ],
23 silly audit   '@next/swc-darwin-arm64': [ '16.0.1' ],
23 silly audit   '@next/swc-darwin-x64': [ '16.0.1' ],
23 silly audit   '@next/swc-linux-arm64-gnu': [ '16.0.1' ],
23 silly audit   '@next/swc-linux-arm64-musl': [ '16.0.1' ],
23 silly audit   '@next/swc-linux-x64-gnu': [ '16.0.1' ],
23 silly audit   '@next/swc-linux-x64-musl': [ '16.0.1' ],
23 silly audit   '@next/swc-win32-arm64-msvc': [ '16.0.1' ],
23 silly audit   '@next/swc-win32-x64-msvc': [ '16.0.1' ],
23 silly audit   '@nodelib/fs.scandir': [ '2.1.5' ],
23 silly audit   '@nodelib/fs.stat': [ '2.0.5' ],
23 silly audit   '@nodelib/fs.walk': [ '1.2.8' ],
23 silly audit   '@nolyfill/is-core-module': [ '1.0.39' ],
23 silly audit   '@panva/hkdf': [ '1.2.1' ],
23 silly audit   '@reduxjs/toolkit': [ '2.10.1' ],
23 silly audit   '@rtsao/scc': [ '1.1.0' ],
23 silly audit   '@standard-schema/spec': [ '1.0.0' ],
23 silly audit   '@standard-schema/utils': [ '0.3.0' ],
23 silly audit   '@swc/helpers': [ '0.5.15' ],
23 silly audit   '@tailwindcss/node': [ '4.1.17' ],
23 silly audit   '@tailwindcss/oxide': [ '4.1.17' ],
23 silly audit   '@tailwindcss/oxide-android-arm64': [ '4.1.17' ],
23 silly audit   '@tailwindcss/oxide-darwin-arm64': [ '4.1.17' ],
23 silly audit   '@tailwindcss/oxide-darwin-x64': [ '4.1.17' ],
23 silly audit   '@tailwindcss/oxide-freebsd-x64': [ '4.1.17' ],
23 silly audit   '@tailwindcss/oxide-linux-arm-gnueabihf': [ '4.1.17' ],
23 silly audit   '@tailwindcss/oxide-linux-arm64-gnu': [ '4.1.17' ],
23 silly audit   '@tailwindcss/oxide-linux-arm64-musl': [ '4.1.17' ],
23 silly audit   '@tailwindcss/oxide-linux-x64-gnu': [ '4.1.17' ],
23 silly audit   '@tailwindcss/oxide-linux-x64-musl': [ '4.1.17' ],
23 silly audit   '@tailwindcss/oxide-win32-arm64-msvc': [ '4.1.17' ],
23 silly audit   '@tailwindcss/oxide-win32-x64-msvc': [ '4.1.17' ],
23 silly audit   '@tailwindcss/postcss': [ '4.1.17' ],
23 silly audit   '@tybys/wasm-util': [ '0.10.1' ],
23 silly audit   '@types/estree': [ '1.0.8' ],
23 silly audit   '@types/json-schema': [ '7.0.15' ],
23 silly audit   '@types/json5': [ '0.0.29' ],
23 silly audit   '@types/use-sync-external-store': [ '0.0.6' ],
23 silly audit   '@types/webidl-conversions': [ '7.0.3' ],
23 silly audit   '@types/whatwg-url': [ '11.0.5' ],
23 silly audit   '@typescript-eslint/eslint-plugin': [ '8.46.3' ],
23 silly audit   ignore: [ '7.0.5', '5.3.2' ],
23 silly audit   '@typescript-eslint/parser': [ '8.46.3' ],
23 silly audit   '@typescript-eslint/project-service': [ '8.46.3' ],
23 silly audit   '@typescript-eslint/scope-manager': [ '8.46.3' ],
23 silly audit   '@typescript-eslint/tsconfig-utils': [ '8.46.3' ],
23 silly audit   '@typescript-eslint/type-utils': [ '8.46.3' ],
23 silly audit   '@typescript-eslint/types': [ '8.46.3' ],
23 silly audit   '@typescript-eslint/typescript-estree': [ '8.46.3' ],
23 silly audit   'brace-expansion': [ '2.0.2', '1.1.12' ],
23 silly audit   'fast-glob': [ '3.3.3', '3.3.1' ],
23 silly audit   'glob-parent': [ '5.1.2', '6.0.2' ],
23 silly audit   minimatch: [ '9.0.5', '3.1.2' ],
23 silly audit   semver: [ '7.7.3', '6.3.1' ],
23 silly audit   '@typescript-eslint/utils': [ '8.46.3' ],
23 silly audit   '@typescript-eslint/visitor-keys': [ '8.46.3' ],
23 silly audit   '@unrs/resolver-binding-android-arm-eabi': [ '1.11.1' ],
23 silly audit   '@unrs/resolver-binding-android-arm64': [ '1.11.1' ],
23 silly audit   '@unrs/resolver-binding-darwin-arm64': [ '1.11.1' ],
23 silly audit   '@unrs/resolver-binding-darwin-x64': [ '1.11.1' ],
23 silly audit   '@unrs/resolver-binding-freebsd-x64': [ '1.11.1' ],
23 silly audit   '@unrs/resolver-binding-linux-arm-gnueabihf': [ '1.11.1' ],
23 silly audit   '@unrs/resolver-binding-linux-arm-musleabihf': [ '1.11.1' ],
23 silly audit   '@unrs/resolver-binding-linux-arm64-gnu': [ '1.11.1' ],
23 silly audit   '@unrs/resolver-binding-linux-arm64-musl': [ '1.11.1' ],
23 silly audit   '@unrs/resolver-binding-linux-ppc64-gnu': [ '1.11.1' ],
23 silly audit   '@unrs/resolver-binding-linux-riscv64-gnu': [ '1.11.1' ],
23 silly audit   '@unrs/resolver-binding-linux-riscv64-musl': [ '1.11.1' ],
23 silly audit   '@unrs/resolver-binding-linux-s390x-gnu': [ '1.11.1' ],
23 silly audit   '@unrs/resolver-binding-linux-x64-gnu': [ '1.11.1' ],
23 silly audit   '@unrs/resolver-binding-linux-x64-musl': [ '1.11.1' ],
23 silly audit   '@unrs/resolver-binding-wasm32-wasi': [ '1.11.1' ],
23 silly audit   '@unrs/resolver-binding-win32-arm64-msvc': [ '1.11.1' ],
23 silly audit   '@unrs/resolver-binding-win32-ia32-msvc': [ '1.11.1' ],
23 silly audit   '@unrs/resolver-binding-win32-x64-msvc': [ '1.11.1' ],
23 silly audit   acorn: [ '8.15.0' ],
23 silly audit   'acorn-jsx': [ '5.3.2' ],
23 silly audit   ajv: [ '6.12.6' ],
23 silly audit   'ansi-styles': [ '4.3.0' ],
23 silly audit   argparse: [ '2.0.1' ],
23 silly audit   'aria-query': [ '5.3.2' ],
23 silly audit   'array-buffer-byte-length': [ '1.0.2' ],
23 silly audit   'array-includes': [ '3.1.9' ],
23 silly audit   'array.prototype.findlast': [ '1.2.5' ],
23 silly audit   'array.prototype.findlastindex': [ '1.2.6' ],
23 silly audit   'array.prototype.flat': [ '1.3.3' ],
23 silly audit   'array.prototype.flatmap': [ '1.3.3' ],
23 silly audit   'array.prototype.tosorted': [ '1.1.4' ],
23 silly audit   'arraybuffer.prototype.slice': [ '1.0.4' ],
23 silly audit   'ast-types-flow': [ '0.0.8' ],
23 silly audit   'async-function': [ '1.0.0' ],
23 silly audit   asynckit: [ '0.4.0' ],
23 silly audit   'available-typed-arrays': [ '1.0.7' ],
23 silly audit   'axe-core': [ '4.11.0' ],
23 silly audit   axios: [ '1.13.2' ],
23 silly audit   'axobject-query': [ '4.1.0' ],
23 silly audit   'balanced-match': [ '1.0.2' ],
23 silly audit   'baseline-browser-mapping': [ '2.8.25' ],
23 silly audit   bcrypt: [ '6.0.0' ],
23 silly audit   braces: [ '3.0.3' ],
23 silly audit   browserslist: [ '4.27.0' ],
23 silly audit   bson: [ '6.10.4' ],
23 silly audit   'call-bind': [ '1.0.8' ],
23 silly audit   'call-bind-apply-helpers': [ '1.0.2' ],
23 silly audit   'call-bound': [ '1.0.4' ],
23 silly audit   callsites: [ '3.1.0' ],
23 silly audit   'caniuse-lite': [ '1.0.30001754' ],
23 silly audit   chalk: [ '4.1.2' ],
23 silly audit   classnames: [ '2.5.1' ],
23 silly audit   'client-only': [ '0.0.1' ],
23 silly audit   'color-convert': [ '2.0.1' ],
23 silly audit   'color-name': [ '1.1.4' ],
23 silly audit   'combined-stream': [ '1.0.8' ],
23 silly audit   'concat-map': [ '0.0.1' ],
23 silly audit   'convert-source-map': [ '2.0.0' ],
23 silly audit   cookie: [ '0.7.2' ],
23 silly audit   'cross-spawn': [ '7.0.6' ],
23 silly audit   csstype: [ '3.1.3' ],
23 silly audit   'damerau-levenshtein': [ '1.0.8' ],
23 silly audit   'data-view-buffer': [ '1.0.2' ],
23 silly audit   'data-view-byte-length': [ '1.0.2' ],
23 silly audit   'data-view-byte-offset': [ '1.0.1' ],
23 silly audit   debug: [ '4.4.3', '3.2.7' ],
23 silly audit   'deep-is': [ '0.1.4' ],
23 silly audit   'define-data-property': [ '1.1.4' ],
23 silly audit   'define-properties': [ '1.2.1' ],
23 silly audit   'delayed-stream': [ '1.0.0' ],
23 silly audit   'detect-libc': [ '2.1.2' ],
23 silly audit   doctrine: [ '2.1.0' ],
23 silly audit   'dunder-proto': [ '1.0.1' ],
23 silly audit   'electron-to-chromium': [ '1.5.248' ],
23 silly audit   'emoji-regex': [ '9.2.2' ],
23 silly audit   'enhanced-resolve': [ '5.18.3' ],
23 silly audit   'es-abstract': [ '1.24.0' ],
23 silly audit   'es-define-property': [ '1.0.1' ],
23 silly audit   'es-errors': [ '1.3.0' ],
23 silly audit   'es-iterator-helpers': [ '1.2.1' ],
23 silly audit   'es-object-atoms': [ '1.1.1' ],
23 silly audit   'es-set-tostringtag': [ '2.1.0' ],
23 silly audit   'es-shim-unscopables': [ '1.1.0' ],
23 silly audit   'es-to-primitive': [ '1.3.0' ],
23 silly audit   escalade: [ '3.2.0' ],
23 silly audit   'escape-string-regexp': [ '4.0.0' ],
23 silly audit   eslint: [ '9.39.1' ],
23 silly audit   'eslint-config-next': [ '16.0.1' ],
23 silly audit   globals: [ '16.4.0', '14.0.0' ],
23 silly audit   'eslint-import-resolver-node': [ '0.3.9' ],
23 silly audit   'eslint-import-resolver-typescript': [ '3.10.1' ],
23 silly audit   'eslint-module-utils': [ '2.12.1' ],
23 silly audit   'eslint-plugin-import': [ '2.32.0' ],
23 silly audit   'eslint-plugin-jsx-a11y': [ '6.10.2' ],
23 silly audit   'eslint-plugin-react': [ '7.37.5' ],
23 silly audit   'eslint-plugin-react-hooks': [ '7.0.1' ],
23 silly audit   resolve: [ '2.0.0-next.5', '1.22.11' ],
23 silly audit   'eslint-scope': [ '8.4.0' ],
23 silly audit   espree: [ '10.4.0' ],
23 silly audit   esquery: [ '1.6.0' ],
23 silly audit   esrecurse: [ '4.3.0' ],
23 silly audit   estraverse: [ '5.3.0' ],
23 silly audit   esutils: [ '2.0.3' ],
23 silly audit   'fast-deep-equal': [ '3.1.3' ],
23 silly audit   'fast-json-stable-stringify': [ '2.1.0' ],
23 silly audit   'fast-levenshtein': [ '2.0.6' ],
23 silly audit   fastq: [ '1.19.1' ],
23 silly audit   'file-entry-cache': [ '8.0.0' ],
23 silly audit   'fill-range': [ '7.1.1' ],
23 silly audit   'find-up': [ '5.0.0' ],
23 silly audit   'flat-cache': [ '4.0.1' ],
23 silly audit   flatted: [ '3.3.3' ],
23 silly audit   'follow-redirects': [ '1.15.11' ],
23 silly audit   'for-each': [ '0.3.5' ],
23 silly audit   'form-data': [ '4.0.4' ],
23 silly audit   'function-bind': [ '1.1.2' ],
23 silly audit   'function.prototype.name': [ '1.1.8' ],
23 silly audit   'functions-have-names': [ '1.2.3' ],
23 silly audit   'generator-function': [ '2.0.1' ],
23 silly audit   gensync: [ '1.0.0-beta.2' ],
23 silly audit   'get-intrinsic': [ '1.3.0' ],
23 silly audit   'get-proto': [ '1.0.1' ],
23 silly audit   'get-symbol-description': [ '1.1.0' ],
23 silly audit   'get-tsconfig': [ '4.13.0' ],
23 silly audit   globalthis: [ '1.0.4' ],
23 silly audit   goober: [ '2.1.18' ],
23 silly audit   gopd: [ '1.2.0' ],
23 silly audit   'graceful-fs': [ '4.2.11' ],
23 silly audit   graphemer: [ '1.4.0' ],
23 silly audit   'has-bigints': [ '1.1.0' ],
23 silly audit   'has-flag': [ '4.0.0' ],
23 silly audit   'has-property-descriptors': [ '1.0.2' ],
23 silly audit   'has-proto': [ '1.2.0' ],
23 silly audit   'has-symbols': [ '1.1.0' ],
23 silly audit   'has-tostringtag': [ '1.0.2' ],
23 silly audit   hasown: [ '2.0.2' ],
23 silly audit   'hermes-estree': [ '0.25.1' ],
23 silly audit   'hermes-parser': [ '0.25.1' ],
23 silly audit   immer: [ '10.2.0' ],
23 silly audit   'import-fresh': [ '3.3.1' ],
23 silly audit   imurmurhash: [ '0.1.4' ],
23 silly audit   'internal-slot': [ '1.1.0' ],
23 silly audit   'is-array-buffer': [ '3.0.5' ],
23 silly audit   'is-async-function': [ '2.1.1' ],
23 silly audit   'is-bigint': [ '1.1.0' ],
23 silly audit   'is-boolean-object': [ '1.2.2' ],
23 silly audit   'is-bun-module': [ '2.0.0' ],
23 silly audit   'is-callable': [ '1.2.7' ],
23 silly audit   'is-core-module': [ '2.16.1' ],
23 silly audit   'is-data-view': [ '1.0.2' ],
23 silly audit   'is-date-object': [ '1.1.0' ],
23 silly audit   'is-extglob': [ '2.1.1' ],
23 silly audit   'is-finalizationregistry': [ '1.1.1' ],
23 silly audit   'is-generator-function': [ '1.1.2' ],
23 silly audit   'is-glob': [ '4.0.3' ],
23 silly audit   'is-map': [ '2.0.3' ],
23 silly audit   'is-negative-zero': [ '2.0.3' ],
23 silly audit   'is-number': [ '7.0.0' ],
23 silly audit   'is-number-object': [ '1.1.1' ],
23 silly audit   'is-regex': [ '1.2.1' ],
23 silly audit   'is-set': [ '2.0.3' ],
23 silly audit   'is-shared-array-buffer': [ '1.0.4' ],
23 silly audit   'is-string': [ '1.1.1' ],
23 silly audit   'is-symbol': [ '1.1.1' ],
23 silly audit   'is-typed-array': [ '1.1.15' ],
23 silly audit   'is-weakmap': [ '2.0.2' ],
23 silly audit   'is-weakref': [ '1.1.1' ],
23 silly audit   'is-weakset': [ '2.0.4' ],
23 silly audit   isarray: [ '2.0.5' ],
23 silly audit   isexe: [ '2.0.0' ],
23 silly audit   'iterator.prototype': [ '1.1.5' ],
23 silly audit   jiti: [ '2.6.1' ],
23 silly audit   jose: [ '4.15.9' ],
23 silly audit   jquery: [ '3.7.1' ],
23 silly audit   'js-tokens': [ '4.0.0' ],
23 silly audit   'js-yaml': [ '4.1.0' ],
23 silly audit   jsesc: [ '3.1.0' ],
23 silly audit   'json-buffer': [ '3.0.1' ],
23 silly audit   'json-schema-traverse': [ '0.4.1' ],
23 silly audit   'json-stable-stringify-without-jsonify': [ '1.0.1' ],
23 silly audit   json2mq: [ '0.2.0' ],
23 silly audit   json5: [ '2.2.3', '1.0.2' ],
23 silly audit   'jsx-ast-utils': [ '3.3.5' ],
23 silly audit   kareem: [ '2.6.3' ],
23 silly audit   keyv: [ '4.5.4' ],
23 silly audit   'language-subtag-registry': [ '0.3.23' ],
23 silly audit   'language-tags': [ '1.0.9' ],
23 silly audit   levn: [ '0.4.1' ],
23 silly audit   lightningcss: [ '1.30.2' ],
23 silly audit   'lightningcss-android-arm64': [ '1.30.2' ],
23 silly audit   'lightningcss-darwin-arm64': [ '1.30.2' ],
23 silly audit   'lightningcss-darwin-x64': [ '1.30.2' ],
23 silly audit   'lightningcss-freebsd-x64': [ '1.30.2' ],
23 silly audit   'lightningcss-linux-arm-gnueabihf': [ '1.30.2' ],
23 silly audit   'lightningcss-linux-arm64-gnu': [ '1.30.2' ],
23 silly audit   'lightningcss-linux-arm64-musl': [ '1.30.2' ],
23 silly audit   'lightningcss-linux-x64-gnu': [ '1.30.2' ],
23 silly audit   'lightningcss-linux-x64-musl': [ '1.30.2' ],
23 silly audit   'lightningcss-win32-arm64-msvc': [ '1.30.2' ],
23 silly audit   'lightningcss-win32-x64-msvc': [ '1.30.2' ],
23 silly audit   'locate-path': [ '6.0.0' ],
23 silly audit   'lodash.debounce': [ '4.0.8' ],
23 silly audit   'lodash.merge': [ '4.6.2' ],
23 silly audit   'loose-envify': [ '1.4.0' ],
23 silly audit   'lru-cache': [ '5.1.1', '6.0.0' ],
23 silly audit   'magic-string': [ '0.30.21' ],
23 silly audit   'math-intrinsics': [ '1.1.0' ],
23 silly audit   'memory-pager': [ '1.5.0' ],
23 silly audit   merge2: [ '1.4.1' ],
23 silly audit   micromatch: [ '4.0.8' ],
23 silly audit   'mime-db': [ '1.52.0' ],
23 silly audit   'mime-types': [ '2.1.35' ],
23 silly audit   minimist: [ '1.2.8' ],
23 silly audit   mongodb: [ '6.20.0' ],
23 silly audit   'mongodb-connection-string-url': [ '3.0.2' ],
23 silly audit   mongoose: [ '8.19.3' ],
23 silly audit   mpath: [ '0.9.0' ],
23 silly audit   mquery: [ '5.0.0' ],
23 silly audit   ms: [ '2.1.3' ],
23 silly audit   nanoid: [ '3.3.11' ],
23 silly audit   'napi-postinstall': [ '0.3.4' ],
23 silly audit   'natural-compare': [ '1.4.0' ],
23 silly audit   next: [ '16.0.1' ],
23 silly audit   'next-auth': [ '4.24.13' ],
23 silly audit   postcss: [ '8.4.31', '8.5.6' ],
23 silly audit   'node-addon-api': [ '8.5.0' ],
23 silly audit   'node-gyp-build': [ '4.8.4' ],
23 silly audit   'node-releases': [ '2.0.27' ],
23 silly audit   oauth: [ '0.9.15' ],
23 silly audit   'object-assign': [ '4.1.1' ],
23 silly audit   'object-hash': [ '2.2.0' ],
23 silly audit   'object-inspect': [ '1.13.4' ],
23 silly audit   'object-keys': [ '1.1.1' ],
23 silly audit   'object.assign': [ '4.1.7' ],
23 silly audit   'object.entries': [ '1.1.9' ],
23 silly audit   'object.fromentries': [ '2.0.8' ],
23 silly audit   'object.groupby': [ '1.0.3' ],
23 silly audit   'object.values': [ '1.2.1' ],
23 silly audit   'oidc-token-hash': [ '5.2.0' ],
23 silly audit   'openid-client': [ '5.7.1' ],
23 silly audit   yallist: [ '4.0.0', '3.1.1' ],
23 silly audit   optionator: [ '0.9.4' ],
23 silly audit   'own-keys': [ '1.0.1' ],
23 silly audit   'p-limit': [ '3.1.0' ],
23 silly audit   'p-locate': [ '5.0.0' ],
23 silly audit   'parent-module': [ '1.0.1' ],
23 silly audit   'path-exists': [ '4.0.0' ],
23 silly audit   'path-key': [ '3.1.1' ],
23 silly audit   'path-parse': [ '1.0.7' ],
23 silly audit   picocolors: [ '1.1.1' ],
23 silly audit   picomatch: [ '2.3.1', '4.0.3' ],
23 silly audit   'possible-typed-array-names': [ '1.1.0' ],
23 silly audit   preact: [ '10.27.2' ],
23 silly audit   'preact-render-to-string': [ '5.2.6' ],
23 silly audit   'prelude-ls': [ '1.2.1' ],
23 silly audit   'pretty-format': [ '3.8.0' ],
23 silly audit   'prop-types': [ '15.8.1' ],
23 silly audit   'proxy-from-env': [ '1.1.0' ],
23 silly audit   punycode: [ '2.3.1' ],
23 silly audit   'queue-microtask': [ '1.2.3' ],
23 silly audit   react: [ '19.2.0' ],
23 silly audit   'react-dom': [ '19.2.0' ],
23 silly audit   'react-hot-toast': [ '2.6.0' ],
23 silly audit   'react-icons': [ '5.5.0' ],
23 silly audit   'react-is': [ '16.13.1' ],
23 silly audit   'react-redux': [ '9.2.0' ],
23 silly audit   'react-slick': [ '0.31.0' ],
23 silly audit   redux: [ '5.0.1' ],
23 silly audit   'redux-thunk': [ '3.1.0' ],
23 silly audit   'reflect.getprototypeof': [ '1.0.10' ],
23 silly audit   'regexp.prototype.flags': [ '1.5.4' ],
23 silly audit   reselect: [ '5.1.1' ],
23 silly audit   'resize-observer-polyfill': [ '1.5.1' ],
23 silly audit   'resolve-from': [ '4.0.0' ],
23 silly audit   'resolve-pkg-maps': [ '1.0.0' ],
23 silly audit   reusify: [ '1.1.0' ],
23 silly audit   'run-parallel': [ '1.2.0' ],
23 silly audit   'safe-array-concat': [ '1.1.3' ],
23 silly audit   'safe-push-apply': [ '1.0.0' ],
23 silly audit   'safe-regex-test': [ '1.1.0' ],
23 silly audit   scheduler: [ '0.27.0' ],
23 silly audit   'set-function-length': [ '1.2.2' ],
23 silly audit   'set-function-name': [ '2.0.2' ],
23 silly audit   'set-proto': [ '1.0.0' ],
23 silly audit   sharp: [ '0.34.5' ],
23 silly audit   'shebang-command': [ '2.0.0' ],
23 silly audit   'shebang-regex': [ '3.0.0' ],
23 silly audit   'side-channel': [ '1.1.0' ],
23 silly audit   'side-channel-list': [ '1.0.0' ],
23 silly audit   'side-channel-map': [ '1.0.1' ],
23 silly audit   'side-channel-weakmap': [ '1.0.2' ],
23 silly audit   sift: [ '17.1.3' ],
23 silly audit   'slick-carousel': [ '1.8.1' ],
23 silly audit   'source-map-js': [ '1.2.1' ],
23 silly audit   'sparse-bitfield': [ '3.0.3' ],
23 silly audit   'stable-hash': [ '0.0.5' ],
23 silly audit   'stop-iteration-iterator': [ '1.1.0' ],
23 silly audit   'string-convert': [ '0.2.1' ],
23 silly audit   'string.prototype.includes': [ '2.0.1' ],
23 silly audit   'string.prototype.matchall': [ '4.0.12' ],
23 silly audit   'string.prototype.repeat': [ '1.0.0' ],
23 silly audit   'string.prototype.trim': [ '1.2.10' ],
23 silly audit   'string.prototype.trimend': [ '1.0.9' ],
23 silly audit   'string.prototype.trimstart': [ '1.0.8' ],
23 silly audit   'strip-bom': [ '3.0.0' ],
23 silly audit   'strip-json-comments': [ '3.1.1' ],
23 silly audit   'styled-jsx': [ '5.1.6' ],
23 silly audit   'supports-color': [ '7.2.0' ],
23 silly audit   'supports-preserve-symlinks-flag': [ '1.0.0' ],
23 silly audit   tailwindcss: [ '4.1.17' ],
23 silly audit   tapable: [ '2.3.0' ],
23 silly audit   tinyglobby: [ '0.2.15' ],
23 silly audit   fdir: [ '6.5.0' ],
23 silly audit   'to-regex-range': [ '5.0.1' ],
23 silly audit   tr46: [ '5.1.1' ],
23 silly audit   'ts-api-utils': [ '2.1.0' ],
23 silly audit   'tsconfig-paths': [ '3.15.0' ],
23 silly audit   tslib: [ '2.8.1' ],
23 silly audit   'type-check': [ '0.4.0' ],
23 silly audit   'typed-array-buffer': [ '1.0.3' ],
23 silly audit   'typed-array-byte-length': [ '1.0.3' ],
23 silly audit   'typed-array-byte-offset': [ '1.0.4' ],
23 silly audit   'typed-array-length': [ '1.0.7' ],
23 silly audit   typescript: [ '5.9.3' ],
23 silly audit   'typescript-eslint': [ '8.46.3' ],
23 silly audit   'unbox-primitive': [ '1.1.0' ],
23 silly audit   'unrs-resolver': [ '1.11.1' ],
23 silly audit   'update-browserslist-db': [ '1.1.4' ],
23 silly audit   'uri-js': [ '4.4.1' ],
23 silly audit   'use-sync-external-store': [ '1.6.0' ],
23 silly audit   uuid: [ '8.3.2' ],
23 silly audit   'webidl-conversions': [ '7.0.0' ],
23 silly audit   'whatwg-url': [ '14.2.0' ],
23 silly audit   which: [ '2.0.2' ],
23 silly audit   'which-boxed-primitive': [ '1.1.1' ],
23 silly audit   'which-builtin-type': [ '1.2.1' ],
23 silly audit   'which-collection': [ '1.0.2' ],
23 silly audit   'which-typed-array': [ '1.1.19' ],
23 silly audit   'word-wrap': [ '1.2.5' ],
23 silly audit   'yocto-queue': [ '0.1.0' ],
23 silly audit   zod: [ '4.1.12' ],
23 silly audit   'zod-validation-error': [ '4.0.2' ],
23 silly audit   nodemailer: [ '7.0.10' ],
23 silly audit   '@tailwindcss/oxide-wasm32-wasi': [ '4.1.17' ]
23 silly audit }
24 verbose reify failed optional dependency C:\project\badbuz\GuaranteedSportPicks\node_modules\lightningcss-win32-arm64-msvc
25 silly reify mark deleted [
25 silly reify   'C:\\project\\badbuz\\GuaranteedSportPicks\\node_modules\\lightningcss-win32-arm64-msvc'
25 silly reify ]
26 verbose reify failed optional dependency C:\project\badbuz\GuaranteedSportPicks\node_modules\lightningcss-linux-x64-musl
27 silly reify mark deleted [
27 silly reify   'C:\\project\\badbuz\\GuaranteedSportPicks\\node_modules\\lightningcss-linux-x64-musl'
27 silly reify ]
28 verbose reify failed optional dependency C:\project\badbuz\GuaranteedSportPicks\node_modules\lightningcss-linux-x64-gnu
29 silly reify mark deleted [
29 silly reify   'C:\\project\\badbuz\\GuaranteedSportPicks\\node_modules\\lightningcss-linux-x64-gnu'
29 silly reify ]
30 verbose reify failed optional dependency C:\project\badbuz\GuaranteedSportPicks\node_modules\lightningcss-linux-arm64-musl
31 silly reify mark deleted [
31 silly reify   'C:\\project\\badbuz\\GuaranteedSportPicks\\node_modules\\lightningcss-linux-arm64-musl'
31 silly reify ]
32 verbose reify failed optional dependency C:\project\badbuz\GuaranteedSportPicks\node_modules\lightningcss-linux-arm64-gnu
33 silly reify mark deleted [
33 silly reify   'C:\\project\\badbuz\\GuaranteedSportPicks\\node_modules\\lightningcss-linux-arm64-gnu'
33 silly reify ]
34 verbose reify failed optional dependency C:\project\badbuz\GuaranteedSportPicks\node_modules\lightningcss-linux-arm-gnueabihf
35 silly reify mark deleted [
35 silly reify   'C:\\project\\badbuz\\GuaranteedSportPicks\\node_modules\\lightningcss-linux-arm-gnueabihf'
35 silly reify ]
36 verbose reify failed optional dependency C:\project\badbuz\GuaranteedSportPicks\node_modules\lightningcss-freebsd-x64
37 silly reify mark deleted [
37 silly reify   'C:\\project\\badbuz\\GuaranteedSportPicks\\node_modules\\lightningcss-freebsd-x64'
37 silly reify ]
38 verbose reify failed optional dependency C:\project\badbuz\GuaranteedSportPicks\node_modules\lightningcss-darwin-x64
39 silly reify mark deleted [
39 silly reify   'C:\\project\\badbuz\\GuaranteedSportPicks\\node_modules\\lightningcss-darwin-x64'
39 silly reify ]
40 verbose reify failed optional dependency C:\project\badbuz\GuaranteedSportPicks\node_modules\lightningcss-darwin-arm64
41 silly reify mark deleted [
41 silly reify   'C:\\project\\badbuz\\GuaranteedSportPicks\\node_modules\\lightningcss-darwin-arm64'
41 silly reify ]
42 verbose reify failed optional dependency C:\project\badbuz\GuaranteedSportPicks\node_modules\lightningcss-android-arm64
43 silly reify mark deleted [
43 silly reify   'C:\\project\\badbuz\\GuaranteedSportPicks\\node_modules\\lightningcss-android-arm64'
43 silly reify ]
44 verbose reify failed optional dependency C:\project\badbuz\GuaranteedSportPicks\node_modules\@unrs\resolver-binding-win32-ia32-msvc
45 silly reify mark deleted [
45 silly reify   'C:\\project\\badbuz\\GuaranteedSportPicks\\node_modules\\@unrs\\resolver-binding-win32-ia32-msvc'
45 silly reify ]
46 verbose reify failed optional dependency C:\project\badbuz\GuaranteedSportPicks\node_modules\@unrs\resolver-binding-win32-arm64-msvc
47 silly reify mark deleted [
47 silly reify   'C:\\project\\badbuz\\GuaranteedSportPicks\\node_modules\\@unrs\\resolver-binding-win32-arm64-msvc'
47 silly reify ]
48 verbose reify failed optional dependency C:\project\badbuz\GuaranteedSportPicks\node_modules\@unrs\resolver-binding-wasm32-wasi
49 silly reify mark deleted [
49 silly reify   'C:\\project\\badbuz\\GuaranteedSportPicks\\node_modules\\@unrs\\resolver-binding-wasm32-wasi'
49 silly reify ]
50 verbose reify failed optional dependency C:\project\badbuz\GuaranteedSportPicks\node_modules\@unrs\resolver-binding-linux-x64-musl
51 silly reify mark deleted [
51 silly reify   'C:\\project\\badbuz\\GuaranteedSportPicks\\node_modules\\@unrs\\resolver-binding-linux-x64-musl'
51 silly reify ]
52 verbose reify failed optional dependency C:\project\badbuz\GuaranteedSportPicks\node_modules\@unrs\resolver-binding-linux-x64-gnu
53 silly reify mark deleted [
53 silly reify   'C:\\project\\badbuz\\GuaranteedSportPicks\\node_modules\\@unrs\\resolver-binding-linux-x64-gnu'
53 silly reify ]
54 verbose reify failed optional dependency C:\project\badbuz\GuaranteedSportPicks\node_modules\@unrs\resolver-binding-linux-s390x-gnu
55 silly reify mark deleted [
55 silly reify   'C:\\project\\badbuz\\GuaranteedSportPicks\\node_modules\\@unrs\\resolver-binding-linux-s390x-gnu'
55 silly reify ]
56 verbose reify failed optional dependency C:\project\badbuz\GuaranteedSportPicks\node_modules\@unrs\resolver-binding-linux-riscv64-musl
57 silly reify mark deleted [
57 silly reify   'C:\\project\\badbuz\\GuaranteedSportPicks\\node_modules\\@unrs\\resolver-binding-linux-riscv64-musl'
57 silly reify ]
58 verbose reify failed optional dependency C:\project\badbuz\GuaranteedSportPicks\node_modules\@unrs\resolver-binding-linux-riscv64-gnu
59 silly reify mark deleted [
59 silly reify   'C:\\project\\badbuz\\GuaranteedSportPicks\\node_modules\\@unrs\\resolver-binding-linux-riscv64-gnu'
59 silly reify ]
60 verbose reify failed optional dependency C:\project\badbuz\GuaranteedSportPicks\node_modules\@unrs\resolver-binding-linux-ppc64-gnu
61 silly reify mark deleted [
61 silly reify   'C:\\project\\badbuz\\GuaranteedSportPicks\\node_modules\\@unrs\\resolver-binding-linux-ppc64-gnu'
61 silly reify ]
62 verbose reify failed optional dependency C:\project\badbuz\GuaranteedSportPicks\node_modules\@unrs\resolver-binding-linux-arm64-musl
63 silly reify mark deleted [
63 silly reify   'C:\\project\\badbuz\\GuaranteedSportPicks\\node_modules\\@unrs\\resolver-binding-linux-arm64-musl'
63 silly reify ]
64 verbose reify failed optional dependency C:\project\badbuz\GuaranteedSportPicks\node_modules\@unrs\resolver-binding-linux-arm64-gnu
65 silly reify mark deleted [
65 silly reify   'C:\\project\\badbuz\\GuaranteedSportPicks\\node_modules\\@unrs\\resolver-binding-linux-arm64-gnu'
65 silly reify ]
66 verbose reify failed optional dependency C:\project\badbuz\GuaranteedSportPicks\node_modules\@unrs\resolver-binding-linux-arm-musleabihf
67 silly reify mark deleted [
67 silly reify   'C:\\project\\badbuz\\GuaranteedSportPicks\\node_modules\\@unrs\\resolver-binding-linux-arm-musleabihf'
67 silly reify ]
68 verbose reify failed optional dependency C:\project\badbuz\GuaranteedSportPicks\node_modules\@unrs\resolver-binding-linux-arm-gnueabihf
69 silly reify mark deleted [
69 silly reify   'C:\\project\\badbuz\\GuaranteedSportPicks\\node_modules\\@unrs\\resolver-binding-linux-arm-gnueabihf'
69 silly reify ]
70 verbose reify failed optional dependency C:\project\badbuz\GuaranteedSportPicks\node_modules\@unrs\resolver-binding-freebsd-x64
71 silly reify mark deleted [
71 silly reify   'C:\\project\\badbuz\\GuaranteedSportPicks\\node_modules\\@unrs\\resolver-binding-freebsd-x64'
71 silly reify ]
72 verbose reify failed optional dependency C:\project\badbuz\GuaranteedSportPicks\node_modules\@unrs\resolver-binding-darwin-x64
73 silly reify mark deleted [
73 silly reify   'C:\\project\\badbuz\\GuaranteedSportPicks\\node_modules\\@unrs\\resolver-binding-darwin-x64'
73 silly reify ]
74 verbose reify failed optional dependency C:\project\badbuz\GuaranteedSportPicks\node_modules\@unrs\resolver-binding-darwin-arm64
75 silly reify mark deleted [
75 silly reify   'C:\\project\\badbuz\\GuaranteedSportPicks\\node_modules\\@unrs\\resolver-binding-darwin-arm64'
75 silly reify ]
76 verbose reify failed optional dependency C:\project\badbuz\GuaranteedSportPicks\node_modules\@unrs\resolver-binding-android-arm64
77 silly reify mark deleted [
77 silly reify   'C:\\project\\badbuz\\GuaranteedSportPicks\\node_modules\\@unrs\\resolver-binding-android-arm64'
77 silly reify ]
78 verbose reify failed optional dependency C:\project\badbuz\GuaranteedSportPicks\node_modules\@unrs\resolver-binding-android-arm-eabi
79 silly reify mark deleted [
79 silly reify   'C:\\project\\badbuz\\GuaranteedSportPicks\\node_modules\\@unrs\\resolver-binding-android-arm-eabi'
79 silly reify ]
80 verbose reify failed optional dependency C:\project\badbuz\GuaranteedSportPicks\node_modules\@tailwindcss\oxide-win32-arm64-msvc
81 silly reify mark deleted [
81 silly reify   'C:\\project\\badbuz\\GuaranteedSportPicks\\node_modules\\@tailwindcss\\oxide-win32-arm64-msvc'
81 silly reify ]
82 verbose reify failed optional dependency C:\project\badbuz\GuaranteedSportPicks\node_modules\@tailwindcss\oxide-linux-x64-musl
83 silly reify mark deleted [
83 silly reify   'C:\\project\\badbuz\\GuaranteedSportPicks\\node_modules\\@tailwindcss\\oxide-linux-x64-musl'
83 silly reify ]
84 verbose reify failed optional dependency C:\project\badbuz\GuaranteedSportPicks\node_modules\@tailwindcss\oxide-linux-x64-gnu
85 silly reify mark deleted [
85 silly reify   'C:\\project\\badbuz\\GuaranteedSportPicks\\node_modules\\@tailwindcss\\oxide-linux-x64-gnu'
85 silly reify ]
86 verbose reify failed optional dependency C:\project\badbuz\GuaranteedSportPicks\node_modules\@tailwindcss\oxide-linux-arm64-musl
87 silly reify mark deleted [
87 silly reify   'C:\\project\\badbuz\\GuaranteedSportPicks\\node_modules\\@tailwindcss\\oxide-linux-arm64-musl'
87 silly reify ]
88 verbose reify failed optional dependency C:\project\badbuz\GuaranteedSportPicks\node_modules\@tailwindcss\oxide-linux-arm64-gnu
89 silly reify mark deleted [
89 silly reify   'C:\\project\\badbuz\\GuaranteedSportPicks\\node_modules\\@tailwindcss\\oxide-linux-arm64-gnu'
89 silly reify ]
90 verbose reify failed optional dependency C:\project\badbuz\GuaranteedSportPicks\node_modules\@tailwindcss\oxide-linux-arm-gnueabihf
91 silly reify mark deleted [
91 silly reify   'C:\\project\\badbuz\\GuaranteedSportPicks\\node_modules\\@tailwindcss\\oxide-linux-arm-gnueabihf'
91 silly reify ]
92 verbose reify failed optional dependency C:\project\badbuz\GuaranteedSportPicks\node_modules\@tailwindcss\oxide-freebsd-x64
93 silly reify mark deleted [
93 silly reify   'C:\\project\\badbuz\\GuaranteedSportPicks\\node_modules\\@tailwindcss\\oxide-freebsd-x64'
93 silly reify ]
94 verbose reify failed optional dependency C:\project\badbuz\GuaranteedSportPicks\node_modules\@tailwindcss\oxide-darwin-x64
95 silly reify mark deleted [
95 silly reify   'C:\\project\\badbuz\\GuaranteedSportPicks\\node_modules\\@tailwindcss\\oxide-darwin-x64'
95 silly reify ]
96 verbose reify failed optional dependency C:\project\badbuz\GuaranteedSportPicks\node_modules\@tailwindcss\oxide-darwin-arm64
97 silly reify mark deleted [
97 silly reify   'C:\\project\\badbuz\\GuaranteedSportPicks\\node_modules\\@tailwindcss\\oxide-darwin-arm64'
97 silly reify ]
98 verbose reify failed optional dependency C:\project\badbuz\GuaranteedSportPicks\node_modules\@tailwindcss\oxide-android-arm64
99 silly reify mark deleted [
99 silly reify   'C:\\project\\badbuz\\GuaranteedSportPicks\\node_modules\\@tailwindcss\\oxide-android-arm64'
99 silly reify ]
100 verbose reify failed optional dependency C:\project\badbuz\GuaranteedSportPicks\node_modules\@next\swc-win32-arm64-msvc
101 silly reify mark deleted [
101 silly reify   'C:\\project\\badbuz\\GuaranteedSportPicks\\node_modules\\@next\\swc-win32-arm64-msvc'
101 silly reify ]
102 verbose reify failed optional dependency C:\project\badbuz\GuaranteedSportPicks\node_modules\@next\swc-linux-x64-musl
103 silly reify mark deleted [
103 silly reify   'C:\\project\\badbuz\\GuaranteedSportPicks\\node_modules\\@next\\swc-linux-x64-musl'
103 silly reify ]
104 verbose reify failed optional dependency C:\project\badbuz\GuaranteedSportPicks\node_modules\@next\swc-linux-x64-gnu
105 silly reify mark deleted [
105 silly reify   'C:\\project\\badbuz\\GuaranteedSportPicks\\node_modules\\@next\\swc-linux-x64-gnu'
105 silly reify ]
106 verbose reify failed optional dependency C:\project\badbuz\GuaranteedSportPicks\node_modules\@next\swc-linux-arm64-musl
107 silly reify mark deleted [
107 silly reify   'C:\\project\\badbuz\\GuaranteedSportPicks\\node_modules\\@next\\swc-linux-arm64-musl'
107 silly reify ]
108 verbose reify failed optional dependency C:\project\badbuz\GuaranteedSportPicks\node_modules\@next\swc-linux-arm64-gnu
109 silly reify mark deleted [
109 silly reify   'C:\\project\\badbuz\\GuaranteedSportPicks\\node_modules\\@next\\swc-linux-arm64-gnu'
109 silly reify ]
110 verbose reify failed optional dependency C:\project\badbuz\GuaranteedSportPicks\node_modules\@next\swc-darwin-x64
111 silly reify mark deleted [
111 silly reify   'C:\\project\\badbuz\\GuaranteedSportPicks\\node_modules\\@next\\swc-darwin-x64'
111 silly reify ]
112 verbose reify failed optional dependency C:\project\badbuz\GuaranteedSportPicks\node_modules\@next\swc-darwin-arm64
113 silly reify mark deleted [
113 silly reify   'C:\\project\\badbuz\\GuaranteedSportPicks\\node_modules\\@next\\swc-darwin-arm64'
113 silly reify ]
114 verbose reify failed optional dependency C:\project\badbuz\GuaranteedSportPicks\node_modules\@img\sharp-win32-ia32
115 silly reify mark deleted [
115 silly reify   'C:\\project\\badbuz\\GuaranteedSportPicks\\node_modules\\@img\\sharp-win32-ia32'
115 silly reify ]
116 verbose reify failed optional dependency C:\project\badbuz\GuaranteedSportPicks\node_modules\@img\sharp-win32-arm64
117 silly reify mark deleted [
117 silly reify   'C:\\project\\badbuz\\GuaranteedSportPicks\\node_modules\\@img\\sharp-win32-arm64'
117 silly reify ]
118 verbose reify failed optional dependency C:\project\badbuz\GuaranteedSportPicks\node_modules\@img\sharp-wasm32
119 silly reify mark deleted [
119 silly reify   'C:\\project\\badbuz\\GuaranteedSportPicks\\node_modules\\@img\\sharp-wasm32'
119 silly reify ]
120 verbose reify failed optional dependency C:\project\badbuz\GuaranteedSportPicks\node_modules\@img\sharp-linuxmusl-x64
121 silly reify mark deleted [
121 silly reify   'C:\\project\\badbuz\\GuaranteedSportPicks\\node_modules\\@img\\sharp-linuxmusl-x64'
121 silly reify ]
122 verbose reify failed optional dependency C:\project\badbuz\GuaranteedSportPicks\node_modules\@img\sharp-linuxmusl-arm64
123 silly reify mark deleted [
123 silly reify   'C:\\project\\badbuz\\GuaranteedSportPicks\\node_modules\\@img\\sharp-linuxmusl-arm64'
123 silly reify ]
124 verbose reify failed optional dependency C:\project\badbuz\GuaranteedSportPicks\node_modules\@img\sharp-linux-x64
125 silly reify mark deleted [
125 silly reify   'C:\\project\\badbuz\\GuaranteedSportPicks\\node_modules\\@img\\sharp-linux-x64'
125 silly reify ]
126 verbose reify failed optional dependency C:\project\badbuz\GuaranteedSportPicks\node_modules\@img\sharp-linux-s390x
127 silly reify mark deleted [
127 silly reify   'C:\\project\\badbuz\\GuaranteedSportPicks\\node_modules\\@img\\sharp-linux-s390x'
127 silly reify ]
128 verbose reify failed optional dependency C:\project\badbuz\GuaranteedSportPicks\node_modules\@img\sharp-linux-riscv64
129 silly reify mark deleted [
129 silly reify   'C:\\project\\badbuz\\GuaranteedSportPicks\\node_modules\\@img\\sharp-linux-riscv64'
129 silly reify ]
130 verbose reify failed optional dependency C:\project\badbuz\GuaranteedSportPicks\node_modules\@img\sharp-linux-ppc64
131 silly reify mark deleted [
131 silly reify   'C:\\project\\badbuz\\GuaranteedSportPicks\\node_modules\\@img\\sharp-linux-ppc64'
131 silly reify ]
132 verbose reify failed optional dependency C:\project\badbuz\GuaranteedSportPicks\node_modules\@img\sharp-linux-arm64
133 silly reify mark deleted [
133 silly reify   'C:\\project\\badbuz\\GuaranteedSportPicks\\node_modules\\@img\\sharp-linux-arm64'
133 silly reify ]
134 verbose reify failed optional dependency C:\project\badbuz\GuaranteedSportPicks\node_modules\@img\sharp-linux-arm
135 silly reify mark deleted [
135 silly reify   'C:\\project\\badbuz\\GuaranteedSportPicks\\node_modules\\@img\\sharp-linux-arm'
135 silly reify ]
136 verbose reify failed optional dependency C:\project\badbuz\GuaranteedSportPicks\node_modules\@img\sharp-libvips-linuxmusl-x64
137 silly reify mark deleted [
137 silly reify   'C:\\project\\badbuz\\GuaranteedSportPicks\\node_modules\\@img\\sharp-libvips-linuxmusl-x64'
137 silly reify ]
138 verbose reify failed optional dependency C:\project\badbuz\GuaranteedSportPicks\node_modules\@img\sharp-libvips-linuxmusl-arm64
139 silly reify mark deleted [
139 silly reify   'C:\\project\\badbuz\\GuaranteedSportPicks\\node_modules\\@img\\sharp-libvips-linuxmusl-arm64'
139 silly reify ]
140 verbose reify failed optional dependency C:\project\badbuz\GuaranteedSportPicks\node_modules\@img\sharp-libvips-linux-x64
141 silly reify mark deleted [
141 silly reify   'C:\\project\\badbuz\\GuaranteedSportPicks\\node_modules\\@img\\sharp-libvips-linux-x64'
141 silly reify ]
142 verbose reify failed optional dependency C:\project\badbuz\GuaranteedSportPicks\node_modules\@img\sharp-libvips-linux-s390x
143 silly reify mark deleted [
143 silly reify   'C:\\project\\badbuz\\GuaranteedSportPicks\\node_modules\\@img\\sharp-libvips-linux-s390x'
143 silly reify ]
144 verbose reify failed optional dependency C:\project\badbuz\GuaranteedSportPicks\node_modules\@img\sharp-libvips-linux-riscv64
145 silly reify mark deleted [
145 silly reify   'C:\\project\\badbuz\\GuaranteedSportPicks\\node_modules\\@img\\sharp-libvips-linux-riscv64'
145 silly reify ]
146 verbose reify failed optional dependency C:\project\badbuz\GuaranteedSportPicks\node_modules\@img\sharp-libvips-linux-ppc64
147 silly reify mark deleted [
147 silly reify   'C:\\project\\badbuz\\GuaranteedSportPicks\\node_modules\\@img\\sharp-libvips-linux-ppc64'
147 silly reify ]
148 verbose reify failed optional dependency C:\project\badbuz\GuaranteedSportPicks\node_modules\@img\sharp-libvips-linux-arm64
149 silly reify mark deleted [
149 silly reify   'C:\\project\\badbuz\\GuaranteedSportPicks\\node_modules\\@img\\sharp-libvips-linux-arm64'
149 silly reify ]
150 verbose reify failed optional dependency C:\project\badbuz\GuaranteedSportPicks\node_modules\@img\sharp-libvips-linux-arm
151 silly reify mark deleted [
151 silly reify   'C:\\project\\badbuz\\GuaranteedSportPicks\\node_modules\\@img\\sharp-libvips-linux-arm'
151 silly reify ]
152 verbose reify failed optional dependency C:\project\badbuz\GuaranteedSportPicks\node_modules\@img\sharp-libvips-darwin-x64
153 silly reify mark deleted [
153 silly reify   'C:\\project\\badbuz\\GuaranteedSportPicks\\node_modules\\@img\\sharp-libvips-darwin-x64'
153 silly reify ]
154 verbose reify failed optional dependency C:\project\badbuz\GuaranteedSportPicks\node_modules\@img\sharp-libvips-darwin-arm64
155 silly reify mark deleted [
155 silly reify   'C:\\project\\badbuz\\GuaranteedSportPicks\\node_modules\\@img\\sharp-libvips-darwin-arm64'
155 silly reify ]
156 verbose reify failed optional dependency C:\project\badbuz\GuaranteedSportPicks\node_modules\@img\sharp-darwin-x64
157 silly reify mark deleted [
157 silly reify   'C:\\project\\badbuz\\GuaranteedSportPicks\\node_modules\\@img\\sharp-darwin-x64'
157 silly reify ]
158 verbose reify failed optional dependency C:\project\badbuz\GuaranteedSportPicks\node_modules\@img\sharp-darwin-arm64
159 silly reify mark deleted [
159 silly reify   'C:\\project\\badbuz\\GuaranteedSportPicks\\node_modules\\@img\\sharp-darwin-arm64'
159 silly reify ]
160 http cache nodemailer@https://registry.npmjs.org/nodemailer/-/nodemailer-7.0.10.tgz 0ms (cache hit)
161 silly tarball no local data for nodemailer@https://registry.npmjs.org/nodemailer/-/nodemailer-7.0.10.tgz. Extracting by manifest.
162 http fetch GET 200 https://registry.npmjs.org/nodemailer/-/nodemailer-7.0.10.tgz 113ms (cache miss)
163 http fetch POST 200 https://registry.npmjs.org/-/npm/v1/security/advisories/bulk 380ms
164 silly audit report {
164 silly audit report   'js-yaml': [
164 silly audit report     {
164 silly audit report       id: 1109802,
164 silly audit report       url: 'https://github.com/advisories/GHSA-mh29-5h37-fv8m',
164 silly audit report       title: 'js-yaml has prototype pollution in merge (<<)',
164 silly audit report       severity: 'moderate',
164 silly audit report       vulnerable_versions: '>=4.0.0 <4.1.1',
164 silly audit report       cwe: [Array],
164 silly audit report       cvss: [Object]
164 silly audit report     }
164 silly audit report   ]
164 silly audit report }
165 silly packumentCache corgi:https://registry.npmjs.org/js-yaml cache-miss
166 http fetch GET 200 https://registry.npmjs.org/js-yaml 26ms (cache revalidated)
167 silly packumentCache corgi:https://registry.npmjs.org/js-yaml set size:58533 disposed:false
168 silly packumentCache corgi:https://registry.npmjs.org/@eslint%2feslintrc cache-miss
169 http fetch GET 200 https://registry.npmjs.org/@eslint%2feslintrc 32ms (cache revalidated)
170 silly packumentCache corgi:https://registry.npmjs.org/@eslint%2feslintrc set size:79527 disposed:false
171 silly ADD node_modules/nodemailer
172 silly ADD
173 silly ADD
174 silly ADD
175 silly ADD
176 silly ADD
177 silly ADD
178 silly ADD
179 silly ADD
180 silly ADD
181 silly ADD
182 silly ADD
183 silly ADD
184 silly ADD
185 silly ADD
186 silly ADD
187 silly ADD
188 silly ADD
189 silly ADD
190 silly ADD
191 silly ADD
192 silly ADD
193 silly ADD
194 silly ADD
195 silly ADD
196 silly ADD
197 silly ADD
198 silly ADD
199 silly ADD
200 silly ADD
201 silly ADD
202 silly ADD
203 silly ADD
204 silly ADD
205 silly ADD
206 silly ADD
207 silly ADD
208 silly ADD
209 silly ADD
210 silly ADD
211 silly ADD
212 silly ADD
213 silly ADD
214 silly ADD
215 silly ADD
216 silly ADD
217 silly ADD
218 silly ADD
219 silly ADD
220 silly ADD
221 silly ADD
222 silly ADD
223 silly ADD
224 silly ADD
225 silly ADD
226 silly ADD
227 silly ADD
228 silly ADD
229 silly ADD
230 silly ADD
231 silly ADD
232 silly ADD
233 silly ADD
234 silly ADD
235 silly ADD
236 silly ADD
237 silly ADD
238 silly ADD
239 silly ADD
240 silly ADD
241 verbose cwd C:\project\badbuz\GuaranteedSportPicks
242 verbose os Windows_NT 10.0.26100
243 verbose node v22.15.1
244 verbose npm  v10.9.2
245 verbose exit 0
246 info ok
